{"uid":"31d73338a38afd2a","name":"Compra de um produto","fullName":"Comprar de produtos: Compra de um produto","historyId":"4eede74b86d80ec6ec77e549249f14bb","time":{"start":1676484905734,"stop":1676484927296,"duration":21562},"description":"  - Eu como usuario devo poder realizar a compra de um produto de minha escolha no site.","descriptionHtml":"<ul>\n<li>Eu como usuario devo poder realizar a compra de um produto de minha escolha no site.</li>\n</ul>\n","status":"broken","statusMessage":"no such element: Unable to locate element: {\"method\":\"css selector\",\"selector\":\"a[class='theme-btn-one btn-black-overlay btn_sm']\"}\n  (Session info: headless MicrosoftEdge=109.0.1518.78)\nFor documentation on this error, please visit: https://selenium.dev/exceptions/#no_such_element\nBuild info: version: '4.3.0', revision: 'a4995e2c09*'\nSystem info: host: 'fv-az176-592', ip: '10.1.0.57', os.name: 'Linux', os.arch: 'amd64', os.version: '5.15.0-1031-azure', java.version: '11.0.18'\nDriver info: org.openqa.selenium.edge.EdgeDriver\nCommand: [77af16a07536670faf977dd0eb5e77a3, findElement {using=css selector, value=a[class='theme-btn-one btn-black-overlay btn_sm']}]\nCapabilities {acceptInsecureCerts: false, browserName: msedge, browserVersion: 109.0.1518.78, ms:edgeOptions: {debuggerAddress: localhost:42843}, msedge: {msedgedriverVersion: 109.0.1518.78 (4e4b32c38163..., userDataDir: /tmp/.com.microsoft.Edge.NB...}, networkConnectionEnabled: false, pageLoadStrategy: normal, platformName: LINUX, proxy: Proxy(), se:cdp: ws://localhost:42843/devtoo..., se:cdpVersion: 109.0.1518.78, setWindowRect: true, strictFileInteractability: false, timeouts: {implicit: 0, pageLoad: 300000, script: 30000}, unhandledPromptBehavior: dismiss and notify, webauthn:extension:credBlob: true, webauthn:extension:largeBlob: true, webauthn:virtualAuthenticators: true}\nSession ID: 77af16a07536670faf977dd0eb5e77a3","statusTrace":"org.openqa.selenium.NoSuchElementException: no such element: Unable to locate element: {\"method\":\"css selector\",\"selector\":\"a[class='theme-btn-one btn-black-overlay btn_sm']\"}\n  (Session info: headless MicrosoftEdge=109.0.1518.78)\nFor documentation on this error, please visit: https://selenium.dev/exceptions/#no_such_element\nBuild info: version: '4.3.0', revision: 'a4995e2c09*'\nSystem info: host: 'fv-az176-592', ip: '10.1.0.57', os.name: 'Linux', os.arch: 'amd64', os.version: '5.15.0-1031-azure', java.version: '11.0.18'\nDriver info: org.openqa.selenium.edge.EdgeDriver\nCommand: [77af16a07536670faf977dd0eb5e77a3, findElement {using=css selector, value=a[class='theme-btn-one btn-black-overlay btn_sm']}]\nCapabilities {acceptInsecureCerts: false, browserName: msedge, browserVersion: 109.0.1518.78, ms:edgeOptions: {debuggerAddress: localhost:42843}, msedge: {msedgedriverVersion: 109.0.1518.78 (4e4b32c38163..., userDataDir: /tmp/.com.microsoft.Edge.NB...}, networkConnectionEnabled: false, pageLoadStrategy: normal, platformName: LINUX, proxy: Proxy(), se:cdp: ws://localhost:42843/devtoo..., se:cdpVersion: 109.0.1518.78, setWindowRect: true, strictFileInteractability: false, timeouts: {implicit: 0, pageLoad: 300000, script: 30000}, unhandledPromptBehavior: dismiss and notify, webauthn:extension:credBlob: true, webauthn:extension:largeBlob: true, webauthn:virtualAuthenticators: true}\nSession ID: 77af16a07536670faf977dd0eb5e77a3\n\tat java.base/jdk.internal.reflect.NativeConstructorAccessorImpl.newInstance0(Native Method)\n\tat java.base/jdk.internal.reflect.NativeConstructorAccessorImpl.newInstance(NativeConstructorAccessorImpl.java:62)\n\tat java.base/jdk.internal.reflect.DelegatingConstructorAccessorImpl.newInstance(DelegatingConstructorAccessorImpl.java:45)\n\tat java.base/java.lang.reflect.Constructor.newInstance(Constructor.java:490)\n\tat org.openqa.selenium.remote.codec.w3c.W3CHttpResponseCodec.createException(W3CHttpResponseCodec.java:200)\n\tat org.openqa.selenium.remote.codec.w3c.W3CHttpResponseCodec.decode(W3CHttpResponseCodec.java:133)\n\tat org.openqa.selenium.remote.codec.w3c.W3CHttpResponseCodec.decode(W3CHttpResponseCodec.java:53)\n\tat org.openqa.selenium.remote.HttpCommandExecutor.execute(HttpCommandExecutor.java:184)\n\tat org.openqa.selenium.remote.service.DriverCommandExecutor.invokeExecute(DriverCommandExecutor.java:167)\n\tat org.openqa.selenium.remote.service.DriverCommandExecutor.execute(DriverCommandExecutor.java:142)\n\tat org.openqa.selenium.remote.RemoteWebDriver.execute(RemoteWebDriver.java:569)\n\tat org.openqa.selenium.remote.ElementLocation$ElementFinder$2.findElement(ElementLocation.java:162)\n\tat org.openqa.selenium.remote.ElementLocation.findElement(ElementLocation.java:60)\n\tat org.openqa.selenium.remote.RemoteWebDriver.findElement(RemoteWebDriver.java:387)\n\tat org.openqa.selenium.remote.RemoteWebDriver.findElement(RemoteWebDriver.java:379)\n\tat org.openqa.selenium.support.pagefactory.DefaultElementLocator.findElement(DefaultElementLocator.java:70)\n\tat org.openqa.selenium.support.pagefactory.internal.LocatingElementHandler.invoke(LocatingElementHandler.java:39)\n\tat com.sun.proxy.$Proxy24.getWrappedElement(Unknown Source)\n\tat org.openqa.selenium.remote.internal.WebElementToJsonConverter.apply(WebElementToJsonConverter.java:51)\n\tat java.base/java.util.stream.ReferencePipeline$3$1.accept(ReferencePipeline.java:195)\n\tat java.base/java.util.Spliterators$ArraySpliterator.forEachRemaining(Spliterators.java:948)\n\tat java.base/java.util.stream.AbstractPipeline.copyInto(AbstractPipeline.java:484)\n\tat java.base/java.util.stream.AbstractPipeline.wrapAndCopyInto(AbstractPipeline.java:474)\n\tat java.base/java.util.stream.ReduceOps$ReduceOp.evaluateSequential(ReduceOps.java:913)\n\tat java.base/java.util.stream.AbstractPipeline.evaluate(AbstractPipeline.java:234)\n\tat java.base/java.util.stream.ReferencePipeline.collect(ReferencePipeline.java:578)\n\tat org.openqa.selenium.remote.RemoteWebDriver.executeScript(RemoteWebDriver.java:500)\n\tat utils.Commands.realClick(Commands.java:87)\n\tat actions.usability.BuyProductActions.addProductCart(BuyProductActions.java:34)\n\tat steps.usability.BuyProductPages.adicione_este_item_no_carrinho(BuyProductPages.java:21)\n\tat ✽.adicione este item no carrinho(file:///home/runner/work/Selenium-Framework/Selenium-Framework/src/test/resources/features/usability/BuyProduct.feature:14)\n","flaky":false,"newFailed":false,"newBroken":true,"newPassed":false,"retriesCount":1,"retriesStatusChange":true,"beforeStages":[{"name":"steps.Hooks.go(io.cucumber.java.Scenario)","time":{"start":1676484905734,"stop":1676484913990,"duration":8256},"status":"passed","steps":[],"attachments":[],"parameters":[],"stepsCount":0,"attachmentsCount":0,"shouldDisplayMessage":false,"hasContent":false}],"testStage":{"description":"  - Eu como usuario devo poder realizar a compra de um produto de minha escolha no site.","status":"broken","statusMessage":"no such element: Unable to locate element: {\"method\":\"css selector\",\"selector\":\"a[class='theme-btn-one btn-black-overlay btn_sm']\"}\n  (Session info: headless MicrosoftEdge=109.0.1518.78)\nFor documentation on this error, please visit: https://selenium.dev/exceptions/#no_such_element\nBuild info: version: '4.3.0', revision: 'a4995e2c09*'\nSystem info: host: 'fv-az176-592', ip: '10.1.0.57', os.name: 'Linux', os.arch: 'amd64', os.version: '5.15.0-1031-azure', java.version: '11.0.18'\nDriver info: org.openqa.selenium.edge.EdgeDriver\nCommand: [77af16a07536670faf977dd0eb5e77a3, findElement {using=css selector, value=a[class='theme-btn-one btn-black-overlay btn_sm']}]\nCapabilities {acceptInsecureCerts: false, browserName: msedge, browserVersion: 109.0.1518.78, ms:edgeOptions: {debuggerAddress: localhost:42843}, msedge: {msedgedriverVersion: 109.0.1518.78 (4e4b32c38163..., userDataDir: /tmp/.com.microsoft.Edge.NB...}, networkConnectionEnabled: false, pageLoadStrategy: normal, platformName: LINUX, proxy: Proxy(), se:cdp: ws://localhost:42843/devtoo..., se:cdpVersion: 109.0.1518.78, setWindowRect: true, strictFileInteractability: false, timeouts: {implicit: 0, pageLoad: 300000, script: 30000}, unhandledPromptBehavior: dismiss and notify, webauthn:extension:credBlob: true, webauthn:extension:largeBlob: true, webauthn:virtualAuthenticators: true}\nSession ID: 77af16a07536670faf977dd0eb5e77a3","statusTrace":"org.openqa.selenium.NoSuchElementException: no such element: Unable to locate element: {\"method\":\"css selector\",\"selector\":\"a[class='theme-btn-one btn-black-overlay btn_sm']\"}\n  (Session info: headless MicrosoftEdge=109.0.1518.78)\nFor documentation on this error, please visit: https://selenium.dev/exceptions/#no_such_element\nBuild info: version: '4.3.0', revision: 'a4995e2c09*'\nSystem info: host: 'fv-az176-592', ip: '10.1.0.57', os.name: 'Linux', os.arch: 'amd64', os.version: '5.15.0-1031-azure', java.version: '11.0.18'\nDriver info: org.openqa.selenium.edge.EdgeDriver\nCommand: [77af16a07536670faf977dd0eb5e77a3, findElement {using=css selector, value=a[class='theme-btn-one btn-black-overlay btn_sm']}]\nCapabilities {acceptInsecureCerts: false, browserName: msedge, browserVersion: 109.0.1518.78, ms:edgeOptions: {debuggerAddress: localhost:42843}, msedge: {msedgedriverVersion: 109.0.1518.78 (4e4b32c38163..., userDataDir: /tmp/.com.microsoft.Edge.NB...}, networkConnectionEnabled: false, pageLoadStrategy: normal, platformName: LINUX, proxy: Proxy(), se:cdp: ws://localhost:42843/devtoo..., se:cdpVersion: 109.0.1518.78, setWindowRect: true, strictFileInteractability: false, timeouts: {implicit: 0, pageLoad: 300000, script: 30000}, unhandledPromptBehavior: dismiss and notify, webauthn:extension:credBlob: true, webauthn:extension:largeBlob: true, webauthn:virtualAuthenticators: true}\nSession ID: 77af16a07536670faf977dd0eb5e77a3\n\tat java.base/jdk.internal.reflect.NativeConstructorAccessorImpl.newInstance0(Native Method)\n\tat java.base/jdk.internal.reflect.NativeConstructorAccessorImpl.newInstance(NativeConstructorAccessorImpl.java:62)\n\tat java.base/jdk.internal.reflect.DelegatingConstructorAccessorImpl.newInstance(DelegatingConstructorAccessorImpl.java:45)\n\tat java.base/java.lang.reflect.Constructor.newInstance(Constructor.java:490)\n\tat org.openqa.selenium.remote.codec.w3c.W3CHttpResponseCodec.createException(W3CHttpResponseCodec.java:200)\n\tat org.openqa.selenium.remote.codec.w3c.W3CHttpResponseCodec.decode(W3CHttpResponseCodec.java:133)\n\tat org.openqa.selenium.remote.codec.w3c.W3CHttpResponseCodec.decode(W3CHttpResponseCodec.java:53)\n\tat org.openqa.selenium.remote.HttpCommandExecutor.execute(HttpCommandExecutor.java:184)\n\tat org.openqa.selenium.remote.service.DriverCommandExecutor.invokeExecute(DriverCommandExecutor.java:167)\n\tat org.openqa.selenium.remote.service.DriverCommandExecutor.execute(DriverCommandExecutor.java:142)\n\tat org.openqa.selenium.remote.RemoteWebDriver.execute(RemoteWebDriver.java:569)\n\tat org.openqa.selenium.remote.ElementLocation$ElementFinder$2.findElement(ElementLocation.java:162)\n\tat org.openqa.selenium.remote.ElementLocation.findElement(ElementLocation.java:60)\n\tat org.openqa.selenium.remote.RemoteWebDriver.findElement(RemoteWebDriver.java:387)\n\tat org.openqa.selenium.remote.RemoteWebDriver.findElement(RemoteWebDriver.java:379)\n\tat org.openqa.selenium.support.pagefactory.DefaultElementLocator.findElement(DefaultElementLocator.java:70)\n\tat org.openqa.selenium.support.pagefactory.internal.LocatingElementHandler.invoke(LocatingElementHandler.java:39)\n\tat com.sun.proxy.$Proxy24.getWrappedElement(Unknown Source)\n\tat org.openqa.selenium.remote.internal.WebElementToJsonConverter.apply(WebElementToJsonConverter.java:51)\n\tat java.base/java.util.stream.ReferencePipeline$3$1.accept(ReferencePipeline.java:195)\n\tat java.base/java.util.Spliterators$ArraySpliterator.forEachRemaining(Spliterators.java:948)\n\tat java.base/java.util.stream.AbstractPipeline.copyInto(AbstractPipeline.java:484)\n\tat java.base/java.util.stream.AbstractPipeline.wrapAndCopyInto(AbstractPipeline.java:474)\n\tat java.base/java.util.stream.ReduceOps$ReduceOp.evaluateSequential(ReduceOps.java:913)\n\tat java.base/java.util.stream.AbstractPipeline.evaluate(AbstractPipeline.java:234)\n\tat java.base/java.util.stream.ReferencePipeline.collect(ReferencePipeline.java:578)\n\tat org.openqa.selenium.remote.RemoteWebDriver.executeScript(RemoteWebDriver.java:500)\n\tat utils.Commands.realClick(Commands.java:87)\n\tat actions.usability.BuyProductActions.addProductCart(BuyProductActions.java:34)\n\tat steps.usability.BuyProductPages.adicione_este_item_no_carrinho(BuyProductPages.java:21)\n\tat ✽.adicione este item no carrinho(file:///home/runner/work/Selenium-Framework/Selenium-Framework/src/test/resources/features/usability/BuyProduct.feature:14)\n","steps":[{"name":"Dado  que o usuario acesse o site","time":{"start":1676484913990,"stop":1676484914156,"duration":166},"status":"passed","steps":[],"attachments":[],"parameters":[],"stepsCount":0,"attachmentsCount":0,"shouldDisplayMessage":false,"hasContent":false},{"name":"E  faça login com \"Email\" e \"Senha\"","time":{"start":1676484915550,"stop":1676484916866,"duration":1316},"status":"passed","steps":[],"attachments":[],"parameters":[],"stepsCount":0,"attachmentsCount":0,"shouldDisplayMessage":false,"hasContent":false},{"name":"E  busque pelo produto \"T-Shirt For Men\"","time":{"start":1676484918076,"stop":1676484920491,"duration":2415},"status":"passed","steps":[],"attachments":[],"parameters":[],"stepsCount":0,"attachmentsCount":0,"shouldDisplayMessage":false,"hasContent":false},{"name":"E  adicione este item no carrinho","time":{"start":1676484921807,"stop":1676484926840,"duration":5033},"status":"broken","statusMessage":"no such element: Unable to locate element: {\"method\":\"css selector\",\"selector\":\"a[class='theme-btn-one btn-black-overlay btn_sm']\"}\n  (Session info: headless MicrosoftEdge=109.0.1518.78)\nFor documentation on this error, please visit: https://selenium.dev/exceptions/#no_such_element\nBuild info: version: '4.3.0', revision: 'a4995e2c09*'\nSystem info: host: 'fv-az176-592', ip: '10.1.0.57', os.name: 'Linux', os.arch: 'amd64', os.version: '5.15.0-1031-azure', java.version: '11.0.18'\nDriver info: org.openqa.selenium.edge.EdgeDriver\nCommand: [77af16a07536670faf977dd0eb5e77a3, findElement {using=css selector, value=a[class='theme-btn-one btn-black-overlay btn_sm']}]\nCapabilities {acceptInsecureCerts: false, browserName: msedge, browserVersion: 109.0.1518.78, ms:edgeOptions: {debuggerAddress: localhost:42843}, msedge: {msedgedriverVersion: 109.0.1518.78 (4e4b32c38163..., userDataDir: /tmp/.com.microsoft.Edge.NB...}, networkConnectionEnabled: false, pageLoadStrategy: normal, platformName: LINUX, proxy: Proxy(), se:cdp: ws://localhost:42843/devtoo..., se:cdpVersion: 109.0.1518.78, setWindowRect: true, strictFileInteractability: false, timeouts: {implicit: 0, pageLoad: 300000, script: 30000}, unhandledPromptBehavior: dismiss and notify, webauthn:extension:credBlob: true, webauthn:extension:largeBlob: true, webauthn:virtualAuthenticators: true}\nSession ID: 77af16a07536670faf977dd0eb5e77a3","statusTrace":"org.openqa.selenium.NoSuchElementException: no such element: Unable to locate element: {\"method\":\"css selector\",\"selector\":\"a[class='theme-btn-one btn-black-overlay btn_sm']\"}\n  (Session info: headless MicrosoftEdge=109.0.1518.78)\nFor documentation on this error, please visit: https://selenium.dev/exceptions/#no_such_element\nBuild info: version: '4.3.0', revision: 'a4995e2c09*'\nSystem info: host: 'fv-az176-592', ip: '10.1.0.57', os.name: 'Linux', os.arch: 'amd64', os.version: '5.15.0-1031-azure', java.version: '11.0.18'\nDriver info: org.openqa.selenium.edge.EdgeDriver\nCommand: [77af16a07536670faf977dd0eb5e77a3, findElement {using=css selector, value=a[class='theme-btn-one btn-black-overlay btn_sm']}]\nCapabilities {acceptInsecureCerts: false, browserName: msedge, browserVersion: 109.0.1518.78, ms:edgeOptions: {debuggerAddress: localhost:42843}, msedge: {msedgedriverVersion: 109.0.1518.78 (4e4b32c38163..., userDataDir: /tmp/.com.microsoft.Edge.NB...}, networkConnectionEnabled: false, pageLoadStrategy: normal, platformName: LINUX, proxy: Proxy(), se:cdp: ws://localhost:42843/devtoo..., se:cdpVersion: 109.0.1518.78, setWindowRect: true, strictFileInteractability: false, timeouts: {implicit: 0, pageLoad: 300000, script: 30000}, unhandledPromptBehavior: dismiss and notify, webauthn:extension:credBlob: true, webauthn:extension:largeBlob: true, webauthn:virtualAuthenticators: true}\nSession ID: 77af16a07536670faf977dd0eb5e77a3\n\tat java.base/jdk.internal.reflect.NativeConstructorAccessorImpl.newInstance0(Native Method)\n\tat java.base/jdk.internal.reflect.NativeConstructorAccessorImpl.newInstance(NativeConstructorAccessorImpl.java:62)\n\tat java.base/jdk.internal.reflect.DelegatingConstructorAccessorImpl.newInstance(DelegatingConstructorAccessorImpl.java:45)\n\tat java.base/java.lang.reflect.Constructor.newInstance(Constructor.java:490)\n\tat org.openqa.selenium.remote.codec.w3c.W3CHttpResponseCodec.createException(W3CHttpResponseCodec.java:200)\n\tat org.openqa.selenium.remote.codec.w3c.W3CHttpResponseCodec.decode(W3CHttpResponseCodec.java:133)\n\tat org.openqa.selenium.remote.codec.w3c.W3CHttpResponseCodec.decode(W3CHttpResponseCodec.java:53)\n\tat org.openqa.selenium.remote.HttpCommandExecutor.execute(HttpCommandExecutor.java:184)\n\tat org.openqa.selenium.remote.service.DriverCommandExecutor.invokeExecute(DriverCommandExecutor.java:167)\n\tat org.openqa.selenium.remote.service.DriverCommandExecutor.execute(DriverCommandExecutor.java:142)\n\tat org.openqa.selenium.remote.RemoteWebDriver.execute(RemoteWebDriver.java:569)\n\tat org.openqa.selenium.remote.ElementLocation$ElementFinder$2.findElement(ElementLocation.java:162)\n\tat org.openqa.selenium.remote.ElementLocation.findElement(ElementLocation.java:60)\n\tat org.openqa.selenium.remote.RemoteWebDriver.findElement(RemoteWebDriver.java:387)\n\tat org.openqa.selenium.remote.RemoteWebDriver.findElement(RemoteWebDriver.java:379)\n\tat org.openqa.selenium.support.pagefactory.DefaultElementLocator.findElement(DefaultElementLocator.java:70)\n\tat org.openqa.selenium.support.pagefactory.internal.LocatingElementHandler.invoke(LocatingElementHandler.java:39)\n\tat com.sun.proxy.$Proxy24.getWrappedElement(Unknown Source)\n\tat org.openqa.selenium.remote.internal.WebElementToJsonConverter.apply(WebElementToJsonConverter.java:51)\n\tat java.base/java.util.stream.ReferencePipeline$3$1.accept(ReferencePipeline.java:195)\n\tat java.base/java.util.Spliterators$ArraySpliterator.forEachRemaining(Spliterators.java:948)\n\tat java.base/java.util.stream.AbstractPipeline.copyInto(AbstractPipeline.java:484)\n\tat java.base/java.util.stream.AbstractPipeline.wrapAndCopyInto(AbstractPipeline.java:474)\n\tat java.base/java.util.stream.ReduceOps$ReduceOp.evaluateSequential(ReduceOps.java:913)\n\tat java.base/java.util.stream.AbstractPipeline.evaluate(AbstractPipeline.java:234)\n\tat java.base/java.util.stream.ReferencePipeline.collect(ReferencePipeline.java:578)\n\tat org.openqa.selenium.remote.RemoteWebDriver.executeScript(RemoteWebDriver.java:500)\n\tat utils.Commands.realClick(Commands.java:87)\n\tat actions.usability.BuyProductActions.addProductCart(BuyProductActions.java:34)\n\tat steps.usability.BuyProductPages.adicione_este_item_no_carrinho(BuyProductPages.java:21)\n\tat ✽.adicione este item no carrinho(file:///home/runner/work/Selenium-Framework/Selenium-Framework/src/test/resources/features/usability/BuyProduct.feature:14)\n","steps":[],"attachments":[],"parameters":[],"stepsCount":0,"attachmentsCount":0,"shouldDisplayMessage":true,"hasContent":true},{"name":"E  faça o checkout da sua compra","time":{"start":1676484927159,"stop":1676484927159,"duration":0},"status":"skipped","steps":[],"attachments":[],"parameters":[],"stepsCount":0,"attachmentsCount":0,"shouldDisplayMessage":false,"hasContent":false},{"name":"Quando  ele escolher a forma de pagamento","time":{"start":1676484927160,"stop":1676484927160,"duration":0},"status":"skipped","steps":[],"attachments":[],"parameters":[],"stepsCount":0,"attachmentsCount":0,"shouldDisplayMessage":false,"hasContent":false},{"name":"Então  sua compra é feita com sucesso","time":{"start":1676484927160,"stop":1676484927160,"duration":0},"status":"skipped","steps":[],"attachments":[],"parameters":[],"stepsCount":0,"attachmentsCount":0,"shouldDisplayMessage":false,"hasContent":false}],"attachments":[],"parameters":[],"stepsCount":7,"attachmentsCount":0,"shouldDisplayMessage":false,"hasContent":true},"afterStages":[{"name":"steps.Hooks.addReport(io.cucumber.java.Scenario)","time":{"start":1676484914156,"stop":1676484915550,"duration":1394},"status":"passed","steps":[],"attachments":[{"uid":"86f03b64bad1acc5","name":"Screenshot","source":"86f03b64bad1acc5.png","type":"image/png","size":575044}],"parameters":[],"stepsCount":0,"attachmentsCount":1,"shouldDisplayMessage":false,"hasContent":true},{"name":"steps.Hooks.addReport(io.cucumber.java.Scenario)","time":{"start":1676484916866,"stop":1676484918075,"duration":1209},"status":"passed","steps":[],"attachments":[{"uid":"a327dbbf178fca9d","name":"Screenshot","source":"a327dbbf178fca9d.png","type":"image/png","size":149962}],"parameters":[],"stepsCount":0,"attachmentsCount":1,"shouldDisplayMessage":false,"hasContent":true},{"name":"steps.Hooks.addReport(io.cucumber.java.Scenario)","time":{"start":1676484920491,"stop":1676484921807,"duration":1316},"status":"passed","steps":[],"attachments":[{"uid":"d27b784b8dc33823","name":"Screenshot","source":"d27b784b8dc33823.png","type":"image/png","size":423385}],"parameters":[],"stepsCount":0,"attachmentsCount":1,"shouldDisplayMessage":false,"hasContent":true},{"name":"steps.Hooks.addReport(io.cucumber.java.Scenario)","time":{"start":1676484926840,"stop":1676484927158,"duration":318},"status":"passed","steps":[],"attachments":[{"uid":"54e5b043a9901251","name":"Screenshot","source":"54e5b043a9901251.png","type":"image/png","size":423384}],"parameters":[],"stepsCount":0,"attachmentsCount":1,"shouldDisplayMessage":false,"hasContent":true},{"name":"steps.Hooks.addReport(io.cucumber.java.Scenario)","time":{"start":1676484927159,"stop":1676484927160,"duration":1},"status":"skipped","statusMessage":"AFTER_STEP is failed.","steps":[],"attachments":[],"parameters":[],"stepsCount":0,"attachmentsCount":0,"shouldDisplayMessage":true,"hasContent":true},{"name":"steps.Hooks.addReport(io.cucumber.java.Scenario)","time":{"start":1676484927160,"stop":1676484927160,"duration":0},"status":"skipped","statusMessage":"AFTER_STEP is failed.","steps":[],"attachments":[],"parameters":[],"stepsCount":0,"attachmentsCount":0,"shouldDisplayMessage":true,"hasContent":true},{"name":"steps.Hooks.addReport(io.cucumber.java.Scenario)","time":{"start":1676484927162,"stop":1676484927162,"duration":0},"status":"skipped","statusMessage":"AFTER_STEP is failed.","steps":[],"attachments":[],"parameters":[],"stepsCount":0,"attachmentsCount":0,"shouldDisplayMessage":true,"hasContent":true},{"name":"steps.Hooks.goBack()","time":{"start":1676484927162,"stop":1676484927288,"duration":126},"status":"passed","steps":[],"attachments":[],"parameters":[],"stepsCount":0,"attachmentsCount":0,"shouldDisplayMessage":false,"hasContent":false}],"labels":[{"name":"tag","value":"regression"},{"name":"tag","value":"buy_product_all"},{"name":"tag","value":"buy_product"},{"name":"host","value":"fv-az176-592"},{"name":"thread","value":"3972@fv-az176-592.main(1)"},{"name":"feature","value":"Comprar de produtos"},{"name":"story","value":"Compra de um produto"},{"name":"suite","value":"Comprar de produtos"},{"name":"testClass","value":"Compra de um produto"},{"name":"framework","value":"cucumber4jvm"},{"name":"language","value":"java"},{"name":"gherkin_uri","value":"file:///home/runner/work/Selenium-Framework/Selenium-Framework/src/test/resources/features/usability/BuyProduct.feature"},{"name":"package","value":"src.test.resources.features.usability.BuyProduct_feature.Comprar de produtos"},{"name":"resultFormat","value":"allure2"}],"parameters":[],"links":[],"hidden":false,"retry":false,"extra":{"severity":"normal","retries":[{"uid":"df6bc20612596139","status":"passed","time":{"start":1676484726522,"stop":1676484755658,"duration":29136}}],"categories":[{"name":"Test defects","matchedStatuses":[],"flaky":false}],"history":{"statistic":{"failed":0,"broken":1,"skipped":0,"passed":9,"unknown":0,"total":10},"items":[{"uid":"3b13d7e2ea85278c","reportUrl":"https://juliosantosjob.github.io/Selenium-Framework/101//#testresult/3b13d7e2ea85278c","status":"passed","time":{"start":1676463498945,"stop":1676463524432,"duration":25487}},{"uid":"9b1c7020f75f992e","reportUrl":"https://juliosantosjob.github.io/Selenium-Framework/100//#testresult/9b1c7020f75f992e","status":"passed","time":{"start":1676398512227,"stop":1676398541344,"duration":29117}},{"uid":"3c5a31113f4f5c2a","reportUrl":"https://juliosantosjob.github.io/Selenium-Framework/99//#testresult/3c5a31113f4f5c2a","status":"passed","time":{"start":1676377142898,"stop":1676377169672,"duration":26774}},{"uid":"162889b59a7f359","reportUrl":"https://juliosantosjob.github.io/Selenium-Framework/98//#testresult/162889b59a7f359","status":"passed","time":{"start":1676312073394,"stop":1676312099273,"duration":25879}},{"uid":"bb8785210a838210","reportUrl":"https://juliosantosjob.github.io/Selenium-Framework/97//#testresult/bb8785210a838210","status":"passed","time":{"start":1676290674445,"stop":1676290696957,"duration":22512}},{"uid":"7801a1a61de25efd","reportUrl":"https://juliosantosjob.github.io/Selenium-Framework/96//#testresult/7801a1a61de25efd","status":"passed","time":{"start":1676052811195,"stop":1676052835689,"duration":24494}},{"uid":"9ef8da3d74d954bd","reportUrl":"https://juliosantosjob.github.io/Selenium-Framework/95//#testresult/9ef8da3d74d954bd","status":"passed","time":{"start":1676031444223,"stop":1676031470604,"duration":26381}},{"uid":"1d4e1251c3fc7732","reportUrl":"https://juliosantosjob.github.io/Selenium-Framework/94//#testresult/1d4e1251c3fc7732","status":"passed","time":{"start":1675966476196,"stop":1675966504303,"duration":28107}},{"uid":"4cc360c37cad6e22","reportUrl":"https://juliosantosjob.github.io/Selenium-Framework/93//#testresult/4cc360c37cad6e22","status":"passed","time":{"start":1675948460880,"stop":1675948487545,"duration":26665}}]},"tags":["buy_product","regression","buy_product_all"]},"source":"31d73338a38afd2a.json","parameterValues":[]}