{"uid":"e2a709d77dc10caa","name":"Cadastro com sucesso","fullName":"Cadastro de usuario: Cadastro com sucesso","historyId":"22b4ffae76bc2ae7c29ef9f8916a50ee","time":{"start":1686859908554,"stop":1686859917087,"duration":8533},"description":"  - Eu como usuario devo poder me cadastrar na plataforma.","descriptionHtml":"<ul>\n<li>Eu como usuario devo poder me cadastrar na plataforma.</li>\n</ul>\n","status":"broken","statusMessage":"no such element: Unable to locate element: {\"method\":\"css selector\",\"selector\":\"[class='account_form']\"}\n  (Session info: headless chrome=114.0.5735.106)\nFor documentation on this error, please visit: https://selenium.dev/exceptions/#no_such_element\nBuild info: version: '4.3.0', revision: 'a4995e2c09*'\nSystem info: host: 'fv-az444-562', ip: '10.1.0.168', os.name: 'Linux', os.arch: 'amd64', os.version: '5.15.0-1039-azure', java.version: '11.0.19'\nDriver info: org.openqa.selenium.chrome.ChromeDriver\nCommand: [1da888fb90211e82c55c91892c3843de, findElement {using=css selector, value=[class='account_form']}]\nCapabilities {acceptInsecureCerts: false, browserName: chrome, browserVersion: 114.0.5735.106, chrome: {chromedriverVersion: 114.0.5735.90 (386bc09e8f4f..., userDataDir: /tmp/.com.google.Chrome.d778c0}, goog:chromeOptions: {debuggerAddress: localhost:34175}, networkConnectionEnabled: false, pageLoadStrategy: normal, platformName: LINUX, proxy: Proxy(), se:cdp: ws://localhost:34175/devtoo..., se:cdpVersion: 114.0.5735.106, setWindowRect: true, strictFileInteractability: false, timeouts: {implicit: 0, pageLoad: 300000, script: 30000}, unhandledPromptBehavior: dismiss and notify, webauthn:extension:credBlob: true, webauthn:extension:largeBlob: true, webauthn:extension:minPinLength: true, webauthn:extension:prf: true, webauthn:virtualAuthenticators: true}\nSession ID: 1da888fb90211e82c55c91892c3843de","statusTrace":"org.openqa.selenium.NoSuchElementException: no such element: Unable to locate element: {\"method\":\"css selector\",\"selector\":\"[class='account_form']\"}\n  (Session info: headless chrome=114.0.5735.106)\nFor documentation on this error, please visit: https://selenium.dev/exceptions/#no_such_element\nBuild info: version: '4.3.0', revision: 'a4995e2c09*'\nSystem info: host: 'fv-az444-562', ip: '10.1.0.168', os.name: 'Linux', os.arch: 'amd64', os.version: '5.15.0-1039-azure', java.version: '11.0.19'\nDriver info: org.openqa.selenium.chrome.ChromeDriver\nCommand: [1da888fb90211e82c55c91892c3843de, findElement {using=css selector, value=[class='account_form']}]\nCapabilities {acceptInsecureCerts: false, browserName: chrome, browserVersion: 114.0.5735.106, chrome: {chromedriverVersion: 114.0.5735.90 (386bc09e8f4f..., userDataDir: /tmp/.com.google.Chrome.d778c0}, goog:chromeOptions: {debuggerAddress: localhost:34175}, networkConnectionEnabled: false, pageLoadStrategy: normal, platformName: LINUX, proxy: Proxy(), se:cdp: ws://localhost:34175/devtoo..., se:cdpVersion: 114.0.5735.106, setWindowRect: true, strictFileInteractability: false, timeouts: {implicit: 0, pageLoad: 300000, script: 30000}, unhandledPromptBehavior: dismiss and notify, webauthn:extension:credBlob: true, webauthn:extension:largeBlob: true, webauthn:extension:minPinLength: true, webauthn:extension:prf: true, webauthn:virtualAuthenticators: true}\nSession ID: 1da888fb90211e82c55c91892c3843de\n\tat java.base/jdk.internal.reflect.NativeConstructorAccessorImpl.newInstance0(Native Method)\n\tat java.base/jdk.internal.reflect.NativeConstructorAccessorImpl.newInstance(NativeConstructorAccessorImpl.java:62)\n\tat java.base/jdk.internal.reflect.DelegatingConstructorAccessorImpl.newInstance(DelegatingConstructorAccessorImpl.java:45)\n\tat java.base/java.lang.reflect.Constructor.newInstance(Constructor.java:490)\n\tat org.openqa.selenium.remote.codec.w3c.W3CHttpResponseCodec.createException(W3CHttpResponseCodec.java:200)\n\tat org.openqa.selenium.remote.codec.w3c.W3CHttpResponseCodec.decode(W3CHttpResponseCodec.java:133)\n\tat org.openqa.selenium.remote.codec.w3c.W3CHttpResponseCodec.decode(W3CHttpResponseCodec.java:53)\n\tat org.openqa.selenium.remote.HttpCommandExecutor.execute(HttpCommandExecutor.java:184)\n\tat org.openqa.selenium.remote.service.DriverCommandExecutor.invokeExecute(DriverCommandExecutor.java:167)\n\tat org.openqa.selenium.remote.service.DriverCommandExecutor.execute(DriverCommandExecutor.java:142)\n\tat org.openqa.selenium.remote.RemoteWebDriver.execute(RemoteWebDriver.java:569)\n\tat org.openqa.selenium.remote.ElementLocation$ElementFinder$2.findElement(ElementLocation.java:162)\n\tat org.openqa.selenium.remote.ElementLocation.findElement(ElementLocation.java:60)\n\tat org.openqa.selenium.remote.RemoteWebDriver.findElement(RemoteWebDriver.java:387)\n\tat org.openqa.selenium.remote.RemoteWebDriver.findElement(RemoteWebDriver.java:379)\n\tat org.openqa.selenium.support.pagefactory.DefaultElementLocator.findElement(DefaultElementLocator.java:70)\n\tat org.openqa.selenium.support.pagefactory.internal.LocatingElementHandler.invoke(LocatingElementHandler.java:39)\n\tat com.sun.proxy.$Proxy24.isEnabled(Unknown Source)\n\tat utils.Asserts.contains(Asserts.java:33)\n\tat actions.accessibilities.RegistrationActions.accessRegistrationPage(RegistrationActions.java:22)\n\tat steps.accessibilities.RegistrationSteps.acesse_a_pagina_de_cadastro(RegistrationSteps.java:15)\n\tat ✽.acesse a pagina de cadastro(file:///home/runner/work/Selenium-Cucumber-Java/Selenium-Cucumber-Java/src/test/resources/features/accessibilities/Registration.feature:9)\n","flaky":false,"newFailed":false,"newBroken":true,"newPassed":false,"retriesCount":0,"retriesStatusChange":false,"beforeStages":[{"name":"steps.Hooks.go(io.cucumber.java.Scenario)","time":{"start":1686859908554,"stop":1686859909906,"duration":1352},"status":"passed","steps":[],"attachments":[],"parameters":[],"stepsCount":0,"attachmentsCount":0,"shouldDisplayMessage":false,"hasContent":false}],"testStage":{"description":"  - Eu como usuario devo poder me cadastrar na plataforma.","status":"broken","statusMessage":"no such element: Unable to locate element: {\"method\":\"css selector\",\"selector\":\"[class='account_form']\"}\n  (Session info: headless chrome=114.0.5735.106)\nFor documentation on this error, please visit: https://selenium.dev/exceptions/#no_such_element\nBuild info: version: '4.3.0', revision: 'a4995e2c09*'\nSystem info: host: 'fv-az444-562', ip: '10.1.0.168', os.name: 'Linux', os.arch: 'amd64', os.version: '5.15.0-1039-azure', java.version: '11.0.19'\nDriver info: org.openqa.selenium.chrome.ChromeDriver\nCommand: [1da888fb90211e82c55c91892c3843de, findElement {using=css selector, value=[class='account_form']}]\nCapabilities {acceptInsecureCerts: false, browserName: chrome, browserVersion: 114.0.5735.106, chrome: {chromedriverVersion: 114.0.5735.90 (386bc09e8f4f..., userDataDir: /tmp/.com.google.Chrome.d778c0}, goog:chromeOptions: {debuggerAddress: localhost:34175}, networkConnectionEnabled: false, pageLoadStrategy: normal, platformName: LINUX, proxy: Proxy(), se:cdp: ws://localhost:34175/devtoo..., se:cdpVersion: 114.0.5735.106, setWindowRect: true, strictFileInteractability: false, timeouts: {implicit: 0, pageLoad: 300000, script: 30000}, unhandledPromptBehavior: dismiss and notify, webauthn:extension:credBlob: true, webauthn:extension:largeBlob: true, webauthn:extension:minPinLength: true, webauthn:extension:prf: true, webauthn:virtualAuthenticators: true}\nSession ID: 1da888fb90211e82c55c91892c3843de","statusTrace":"org.openqa.selenium.NoSuchElementException: no such element: Unable to locate element: {\"method\":\"css selector\",\"selector\":\"[class='account_form']\"}\n  (Session info: headless chrome=114.0.5735.106)\nFor documentation on this error, please visit: https://selenium.dev/exceptions/#no_such_element\nBuild info: version: '4.3.0', revision: 'a4995e2c09*'\nSystem info: host: 'fv-az444-562', ip: '10.1.0.168', os.name: 'Linux', os.arch: 'amd64', os.version: '5.15.0-1039-azure', java.version: '11.0.19'\nDriver info: org.openqa.selenium.chrome.ChromeDriver\nCommand: [1da888fb90211e82c55c91892c3843de, findElement {using=css selector, value=[class='account_form']}]\nCapabilities {acceptInsecureCerts: false, browserName: chrome, browserVersion: 114.0.5735.106, chrome: {chromedriverVersion: 114.0.5735.90 (386bc09e8f4f..., userDataDir: /tmp/.com.google.Chrome.d778c0}, goog:chromeOptions: {debuggerAddress: localhost:34175}, networkConnectionEnabled: false, pageLoadStrategy: normal, platformName: LINUX, proxy: Proxy(), se:cdp: ws://localhost:34175/devtoo..., se:cdpVersion: 114.0.5735.106, setWindowRect: true, strictFileInteractability: false, timeouts: {implicit: 0, pageLoad: 300000, script: 30000}, unhandledPromptBehavior: dismiss and notify, webauthn:extension:credBlob: true, webauthn:extension:largeBlob: true, webauthn:extension:minPinLength: true, webauthn:extension:prf: true, webauthn:virtualAuthenticators: true}\nSession ID: 1da888fb90211e82c55c91892c3843de\n\tat java.base/jdk.internal.reflect.NativeConstructorAccessorImpl.newInstance0(Native Method)\n\tat java.base/jdk.internal.reflect.NativeConstructorAccessorImpl.newInstance(NativeConstructorAccessorImpl.java:62)\n\tat java.base/jdk.internal.reflect.DelegatingConstructorAccessorImpl.newInstance(DelegatingConstructorAccessorImpl.java:45)\n\tat java.base/java.lang.reflect.Constructor.newInstance(Constructor.java:490)\n\tat org.openqa.selenium.remote.codec.w3c.W3CHttpResponseCodec.createException(W3CHttpResponseCodec.java:200)\n\tat org.openqa.selenium.remote.codec.w3c.W3CHttpResponseCodec.decode(W3CHttpResponseCodec.java:133)\n\tat org.openqa.selenium.remote.codec.w3c.W3CHttpResponseCodec.decode(W3CHttpResponseCodec.java:53)\n\tat org.openqa.selenium.remote.HttpCommandExecutor.execute(HttpCommandExecutor.java:184)\n\tat org.openqa.selenium.remote.service.DriverCommandExecutor.invokeExecute(DriverCommandExecutor.java:167)\n\tat org.openqa.selenium.remote.service.DriverCommandExecutor.execute(DriverCommandExecutor.java:142)\n\tat org.openqa.selenium.remote.RemoteWebDriver.execute(RemoteWebDriver.java:569)\n\tat org.openqa.selenium.remote.ElementLocation$ElementFinder$2.findElement(ElementLocation.java:162)\n\tat org.openqa.selenium.remote.ElementLocation.findElement(ElementLocation.java:60)\n\tat org.openqa.selenium.remote.RemoteWebDriver.findElement(RemoteWebDriver.java:387)\n\tat org.openqa.selenium.remote.RemoteWebDriver.findElement(RemoteWebDriver.java:379)\n\tat org.openqa.selenium.support.pagefactory.DefaultElementLocator.findElement(DefaultElementLocator.java:70)\n\tat org.openqa.selenium.support.pagefactory.internal.LocatingElementHandler.invoke(LocatingElementHandler.java:39)\n\tat com.sun.proxy.$Proxy24.isEnabled(Unknown Source)\n\tat utils.Asserts.contains(Asserts.java:33)\n\tat actions.accessibilities.RegistrationActions.accessRegistrationPage(RegistrationActions.java:22)\n\tat steps.accessibilities.RegistrationSteps.acesse_a_pagina_de_cadastro(RegistrationSteps.java:15)\n\tat ✽.acesse a pagina de cadastro(file:///home/runner/work/Selenium-Cucumber-Java/Selenium-Cucumber-Java/src/test/resources/features/accessibilities/Registration.feature:9)\n","steps":[{"name":"Dado  que o usuario acesse o site","time":{"start":1686859909906,"stop":1686859910389,"duration":483},"status":"passed","steps":[],"attachments":[],"parameters":[],"stepsCount":0,"attachmentsCount":0,"shouldDisplayMessage":false,"hasContent":false},{"name":"E  acesse a pagina de cadastro","time":{"start":1686859911603,"stop":1686859916791,"duration":5188},"status":"broken","statusMessage":"no such element: Unable to locate element: {\"method\":\"css selector\",\"selector\":\"[class='account_form']\"}\n  (Session info: headless chrome=114.0.5735.106)\nFor documentation on this error, please visit: https://selenium.dev/exceptions/#no_such_element\nBuild info: version: '4.3.0', revision: 'a4995e2c09*'\nSystem info: host: 'fv-az444-562', ip: '10.1.0.168', os.name: 'Linux', os.arch: 'amd64', os.version: '5.15.0-1039-azure', java.version: '11.0.19'\nDriver info: org.openqa.selenium.chrome.ChromeDriver\nCommand: [1da888fb90211e82c55c91892c3843de, findElement {using=css selector, value=[class='account_form']}]\nCapabilities {acceptInsecureCerts: false, browserName: chrome, browserVersion: 114.0.5735.106, chrome: {chromedriverVersion: 114.0.5735.90 (386bc09e8f4f..., userDataDir: /tmp/.com.google.Chrome.d778c0}, goog:chromeOptions: {debuggerAddress: localhost:34175}, networkConnectionEnabled: false, pageLoadStrategy: normal, platformName: LINUX, proxy: Proxy(), se:cdp: ws://localhost:34175/devtoo..., se:cdpVersion: 114.0.5735.106, setWindowRect: true, strictFileInteractability: false, timeouts: {implicit: 0, pageLoad: 300000, script: 30000}, unhandledPromptBehavior: dismiss and notify, webauthn:extension:credBlob: true, webauthn:extension:largeBlob: true, webauthn:extension:minPinLength: true, webauthn:extension:prf: true, webauthn:virtualAuthenticators: true}\nSession ID: 1da888fb90211e82c55c91892c3843de","statusTrace":"org.openqa.selenium.NoSuchElementException: no such element: Unable to locate element: {\"method\":\"css selector\",\"selector\":\"[class='account_form']\"}\n  (Session info: headless chrome=114.0.5735.106)\nFor documentation on this error, please visit: https://selenium.dev/exceptions/#no_such_element\nBuild info: version: '4.3.0', revision: 'a4995e2c09*'\nSystem info: host: 'fv-az444-562', ip: '10.1.0.168', os.name: 'Linux', os.arch: 'amd64', os.version: '5.15.0-1039-azure', java.version: '11.0.19'\nDriver info: org.openqa.selenium.chrome.ChromeDriver\nCommand: [1da888fb90211e82c55c91892c3843de, findElement {using=css selector, value=[class='account_form']}]\nCapabilities {acceptInsecureCerts: false, browserName: chrome, browserVersion: 114.0.5735.106, chrome: {chromedriverVersion: 114.0.5735.90 (386bc09e8f4f..., userDataDir: /tmp/.com.google.Chrome.d778c0}, goog:chromeOptions: {debuggerAddress: localhost:34175}, networkConnectionEnabled: false, pageLoadStrategy: normal, platformName: LINUX, proxy: Proxy(), se:cdp: ws://localhost:34175/devtoo..., se:cdpVersion: 114.0.5735.106, setWindowRect: true, strictFileInteractability: false, timeouts: {implicit: 0, pageLoad: 300000, script: 30000}, unhandledPromptBehavior: dismiss and notify, webauthn:extension:credBlob: true, webauthn:extension:largeBlob: true, webauthn:extension:minPinLength: true, webauthn:extension:prf: true, webauthn:virtualAuthenticators: true}\nSession ID: 1da888fb90211e82c55c91892c3843de\n\tat java.base/jdk.internal.reflect.NativeConstructorAccessorImpl.newInstance0(Native Method)\n\tat java.base/jdk.internal.reflect.NativeConstructorAccessorImpl.newInstance(NativeConstructorAccessorImpl.java:62)\n\tat java.base/jdk.internal.reflect.DelegatingConstructorAccessorImpl.newInstance(DelegatingConstructorAccessorImpl.java:45)\n\tat java.base/java.lang.reflect.Constructor.newInstance(Constructor.java:490)\n\tat org.openqa.selenium.remote.codec.w3c.W3CHttpResponseCodec.createException(W3CHttpResponseCodec.java:200)\n\tat org.openqa.selenium.remote.codec.w3c.W3CHttpResponseCodec.decode(W3CHttpResponseCodec.java:133)\n\tat org.openqa.selenium.remote.codec.w3c.W3CHttpResponseCodec.decode(W3CHttpResponseCodec.java:53)\n\tat org.openqa.selenium.remote.HttpCommandExecutor.execute(HttpCommandExecutor.java:184)\n\tat org.openqa.selenium.remote.service.DriverCommandExecutor.invokeExecute(DriverCommandExecutor.java:167)\n\tat org.openqa.selenium.remote.service.DriverCommandExecutor.execute(DriverCommandExecutor.java:142)\n\tat org.openqa.selenium.remote.RemoteWebDriver.execute(RemoteWebDriver.java:569)\n\tat org.openqa.selenium.remote.ElementLocation$ElementFinder$2.findElement(ElementLocation.java:162)\n\tat org.openqa.selenium.remote.ElementLocation.findElement(ElementLocation.java:60)\n\tat org.openqa.selenium.remote.RemoteWebDriver.findElement(RemoteWebDriver.java:387)\n\tat org.openqa.selenium.remote.RemoteWebDriver.findElement(RemoteWebDriver.java:379)\n\tat org.openqa.selenium.support.pagefactory.DefaultElementLocator.findElement(DefaultElementLocator.java:70)\n\tat org.openqa.selenium.support.pagefactory.internal.LocatingElementHandler.invoke(LocatingElementHandler.java:39)\n\tat com.sun.proxy.$Proxy24.isEnabled(Unknown Source)\n\tat utils.Asserts.contains(Asserts.java:33)\n\tat actions.accessibilities.RegistrationActions.accessRegistrationPage(RegistrationActions.java:22)\n\tat steps.accessibilities.RegistrationSteps.acesse_a_pagina_de_cadastro(RegistrationSteps.java:15)\n\tat ✽.acesse a pagina de cadastro(file:///home/runner/work/Selenium-Cucumber-Java/Selenium-Cucumber-Java/src/test/resources/features/accessibilities/Registration.feature:9)\n","steps":[],"attachments":[],"parameters":[],"stepsCount":0,"attachmentsCount":0,"shouldDisplayMessage":true,"hasContent":true},{"name":"Quando  ele submeter o formulario com dados validos","time":{"start":1686859916975,"stop":1686859916976,"duration":1},"status":"skipped","steps":[],"attachments":[],"parameters":[],"stepsCount":0,"attachmentsCount":0,"shouldDisplayMessage":false,"hasContent":false},{"name":"Então  ele vê a mensagem de sucesso: \"Cadastro realizado!\"","time":{"start":1686859916977,"stop":1686859916977,"duration":0},"status":"skipped","steps":[],"attachments":[],"parameters":[],"stepsCount":0,"attachmentsCount":0,"shouldDisplayMessage":false,"hasContent":false},{"name":"E  \"Bem-vindo\"","time":{"start":1686859916977,"stop":1686859916977,"duration":0},"status":"skipped","steps":[],"attachments":[],"parameters":[],"stepsCount":0,"attachmentsCount":0,"shouldDisplayMessage":false,"hasContent":false}],"attachments":[],"parameters":[],"stepsCount":5,"attachmentsCount":0,"shouldDisplayMessage":false,"hasContent":true},"afterStages":[{"name":"steps.Hooks.addReport(io.cucumber.java.Scenario)","time":{"start":1686859910389,"stop":1686859911602,"duration":1213},"status":"passed","steps":[],"attachments":[{"uid":"f84508d39a599cfd","name":"Screenshot","source":"f84508d39a599cfd.png","type":"image/png","size":113967}],"parameters":[],"stepsCount":0,"attachmentsCount":1,"shouldDisplayMessage":false,"hasContent":true},{"name":"steps.Hooks.addReport(io.cucumber.java.Scenario)","time":{"start":1686859916792,"stop":1686859916972,"duration":180},"status":"passed","steps":[],"attachments":[{"uid":"d074614a4bcf01d2","name":"Screenshot","source":"d074614a4bcf01d2.png","type":"image/png","size":22091}],"parameters":[],"stepsCount":0,"attachmentsCount":1,"shouldDisplayMessage":false,"hasContent":true},{"name":"steps.Hooks.addReport(io.cucumber.java.Scenario)","time":{"start":1686859916976,"stop":1686859916976,"duration":0},"status":"skipped","statusMessage":"AFTER_STEP is failed.","steps":[],"attachments":[],"parameters":[],"stepsCount":0,"attachmentsCount":0,"shouldDisplayMessage":true,"hasContent":true},{"name":"steps.Hooks.addReport(io.cucumber.java.Scenario)","time":{"start":1686859916977,"stop":1686859916977,"duration":0},"status":"skipped","statusMessage":"AFTER_STEP is failed.","steps":[],"attachments":[],"parameters":[],"stepsCount":0,"attachmentsCount":0,"shouldDisplayMessage":true,"hasContent":true},{"name":"steps.Hooks.addReport(io.cucumber.java.Scenario)","time":{"start":1686859916977,"stop":1686859916977,"duration":0},"status":"skipped","statusMessage":"AFTER_STEP is failed.","steps":[],"attachments":[],"parameters":[],"stepsCount":0,"attachmentsCount":0,"shouldDisplayMessage":true,"hasContent":true},{"name":"steps.Hooks.goBack()","time":{"start":1686859916978,"stop":1686859917081,"duration":103},"status":"passed","steps":[],"attachments":[],"parameters":[],"stepsCount":0,"attachmentsCount":0,"shouldDisplayMessage":false,"hasContent":false}],"labels":[{"name":"tag","value":"regression"},{"name":"tag","value":"registration_all"},{"name":"host","value":"fv-az444-562"},{"name":"thread","value":"2503@fv-az444-562.main(1)"},{"name":"feature","value":"Cadastro de usuario"},{"name":"story","value":"Cadastro com sucesso"},{"name":"suite","value":"Cadastro de usuario"},{"name":"testClass","value":"Cadastro com sucesso"},{"name":"framework","value":"cucumber4jvm"},{"name":"language","value":"java"},{"name":"gherkin_uri","value":"file:///home/runner/work/Selenium-Cucumber-Java/Selenium-Cucumber-Java/src/test/resources/features/accessibilities/Registration.feature"},{"name":"package","value":"src.test.resources.features.accessibilities.Registration_feature.Cadastro de usuario"},{"name":"resultFormat","value":"allure2"}],"parameters":[],"links":[],"hidden":false,"retry":false,"extra":{"severity":"normal","retries":[],"categories":[{"name":"Test defects","matchedStatuses":[],"flaky":false}],"history":{"statistic":{"failed":0,"broken":1,"skipped":1,"passed":196,"unknown":0,"total":198},"items":[{"uid":"3baca5f9d6b8f84","reportUrl":"https://juliosantosjob.github.io/Selenium-Cucumber-Java/288//#testresult/3baca5f9d6b8f84","status":"passed","time":{"start":1686831655714,"stop":1686831670405,"duration":14691}},{"uid":"25b5110b9962457f","reportUrl":"https://juliosantosjob.github.io/Selenium-Cucumber-Java/287//#testresult/25b5110b9962457f","status":"passed","time":{"start":1686773492154,"stop":1686773501035,"duration":8881}},{"uid":"7a6e52a69870fc8c","reportUrl":"https://juliosantosjob.github.io/Selenium-Cucumber-Java/286//#testresult/7a6e52a69870fc8c","status":"passed","time":{"start":1686745270188,"stop":1686745283140,"duration":12952}},{"uid":"61c3183e408cd8d1","reportUrl":"https://juliosantosjob.github.io/Selenium-Cucumber-Java/285//#testresult/61c3183e408cd8d1","status":"passed","time":{"start":1686687120041,"stop":1686687133870,"duration":13829}},{"uid":"764e9ca633bdab8d","reportUrl":"https://juliosantosjob.github.io/Selenium-Cucumber-Java/284//#testresult/764e9ca633bdab8d","status":"passed","time":{"start":1686658856618,"stop":1686658866174,"duration":9556}},{"uid":"53ebcfb7d1863f2e","reportUrl":"https://juliosantosjob.github.io/Selenium-Cucumber-Java/283//#testresult/53ebcfb7d1863f2e","status":"passed","time":{"start":1686600694858,"stop":1686600708783,"duration":13925}},{"uid":"5d8951806959cbaa","reportUrl":"https://juliosantosjob.github.io/Selenium-Cucumber-Java/282//#testresult/5d8951806959cbaa","status":"passed","time":{"start":1686572446163,"stop":1686572460689,"duration":14526}},{"uid":"263bb4d957615d33","reportUrl":"https://juliosantosjob.github.io/Selenium-Cucumber-Java/281//#testresult/263bb4d957615d33","status":"passed","time":{"start":1686341481564,"stop":1686341493953,"duration":12389}},{"uid":"5f675f0fd7d7a348","reportUrl":"https://juliosantosjob.github.io/Selenium-Cucumber-Java/280//#testresult/5f675f0fd7d7a348","status":"passed","time":{"start":1686313224764,"stop":1686313238505,"duration":13741}},{"uid":"eb5d9d1c4bd3279c","reportUrl":"https://juliosantosjob.github.io/Selenium-Cucumber-Java/279//#testresult/eb5d9d1c4bd3279c","status":"passed","time":{"start":1686255094618,"stop":1686255109528,"duration":14910}},{"uid":"913f2e3d532d4695","reportUrl":"https://juliosantosjob.github.io/Selenium-Cucumber-Java/278//#testresult/913f2e3d532d4695","status":"passed","time":{"start":1686226810901,"stop":1686226825734,"duration":14833}},{"uid":"aaf8860d32d16bdf","reportUrl":"https://juliosantosjob.github.io/Selenium-Cucumber-Java/277//#testresult/aaf8860d32d16bdf","status":"passed","time":{"start":1686168682516,"stop":1686168695123,"duration":12607}},{"uid":"69c4b5bbbc2225ef","reportUrl":"https://juliosantosjob.github.io/Selenium-Cucumber-Java/276//#testresult/69c4b5bbbc2225ef","status":"passed","time":{"start":1686140476316,"stop":1686140486162,"duration":9846}},{"uid":"b936f3321a20f4b6","reportUrl":"https://juliosantosjob.github.io/Selenium-Cucumber-Java/275//#testresult/b936f3321a20f4b6","status":"passed","time":{"start":1686082307430,"stop":1686082323389,"duration":15959}},{"uid":"67c0c06c23483a08","reportUrl":"https://juliosantosjob.github.io/Selenium-Cucumber-Java/274//#testresult/67c0c06c23483a08","status":"passed","time":{"start":1686054074367,"stop":1686054088316,"duration":13949}},{"uid":"e97da99d254214b1","reportUrl":"https://juliosantosjob.github.io/Selenium-Cucumber-Java/273//#testresult/e97da99d254214b1","status":"passed","time":{"start":1685995905342,"stop":1685995928827,"duration":23485}},{"uid":"bf21c497fcb114b5","reportUrl":"https://juliosantosjob.github.io/Selenium-Cucumber-Java/272//#testresult/bf21c497fcb114b5","status":"passed","time":{"start":1685967738044,"stop":1685967752090,"duration":14046}},{"uid":"f14766d1d4dfcbaa","reportUrl":"https://juliosantosjob.github.io/Selenium-Cucumber-Java/271//#testresult/f14766d1d4dfcbaa","status":"passed","time":{"start":1685736669183,"stop":1685736683099,"duration":13916}},{"uid":"95aec2c5ffa69397","reportUrl":"https://juliosantosjob.github.io/Selenium-Cucumber-Java/270//#testresult/95aec2c5ffa69397","status":"passed","time":{"start":1685708495832,"stop":1685708509820,"duration":13988}},{"uid":"792859269ad0f8cc","reportUrl":"https://juliosantosjob.github.io/Selenium-Cucumber-Java/269//#testresult/792859269ad0f8cc","status":"passed","time":{"start":1685650298851,"stop":1685650312570,"duration":13719}}]},"tags":["registration_all","regression"]},"source":"e2a709d77dc10caa.json","parameterValues":[]}