{"uid":"f457cde394b119af","name":"Envio de formulario com email invalido","fullName":"Cadastro de usuario: Envio de formulario com email invalido","historyId":"aac3f3416fcebd7f59eb3ed2264723b9","time":{"start":1686859917101,"stop":1686859925717,"duration":8616},"description":"  - Eu como usuario devo poder me cadastrar na plataforma.","descriptionHtml":"<ul>\n<li>Eu como usuario devo poder me cadastrar na plataforma.</li>\n</ul>\n","status":"broken","statusMessage":"no such element: Unable to locate element: {\"method\":\"css selector\",\"selector\":\"[class='account_form']\"}\n  (Session info: headless chrome=114.0.5735.106)\nFor documentation on this error, please visit: https://selenium.dev/exceptions/#no_such_element\nBuild info: version: '4.3.0', revision: 'a4995e2c09*'\nSystem info: host: 'fv-az444-562', ip: '10.1.0.168', os.name: 'Linux', os.arch: 'amd64', os.version: '5.15.0-1039-azure', java.version: '11.0.19'\nDriver info: org.openqa.selenium.chrome.ChromeDriver\nCommand: [5ec469497e11147ca63c6a219d1acc86, findElement {using=css selector, value=[class='account_form']}]\nCapabilities {acceptInsecureCerts: false, browserName: chrome, browserVersion: 114.0.5735.106, chrome: {chromedriverVersion: 114.0.5735.90 (386bc09e8f4f..., userDataDir: /tmp/.com.google.Chrome.7eVpA9}, goog:chromeOptions: {debuggerAddress: localhost:37951}, networkConnectionEnabled: false, pageLoadStrategy: normal, platformName: LINUX, proxy: Proxy(), se:cdp: ws://localhost:37951/devtoo..., se:cdpVersion: 114.0.5735.106, setWindowRect: true, strictFileInteractability: false, timeouts: {implicit: 0, pageLoad: 300000, script: 30000}, unhandledPromptBehavior: dismiss and notify, webauthn:extension:credBlob: true, webauthn:extension:largeBlob: true, webauthn:extension:minPinLength: true, webauthn:extension:prf: true, webauthn:virtualAuthenticators: true}\nSession ID: 5ec469497e11147ca63c6a219d1acc86","statusTrace":"org.openqa.selenium.NoSuchElementException: no such element: Unable to locate element: {\"method\":\"css selector\",\"selector\":\"[class='account_form']\"}\n  (Session info: headless chrome=114.0.5735.106)\nFor documentation on this error, please visit: https://selenium.dev/exceptions/#no_such_element\nBuild info: version: '4.3.0', revision: 'a4995e2c09*'\nSystem info: host: 'fv-az444-562', ip: '10.1.0.168', os.name: 'Linux', os.arch: 'amd64', os.version: '5.15.0-1039-azure', java.version: '11.0.19'\nDriver info: org.openqa.selenium.chrome.ChromeDriver\nCommand: [5ec469497e11147ca63c6a219d1acc86, findElement {using=css selector, value=[class='account_form']}]\nCapabilities {acceptInsecureCerts: false, browserName: chrome, browserVersion: 114.0.5735.106, chrome: {chromedriverVersion: 114.0.5735.90 (386bc09e8f4f..., userDataDir: /tmp/.com.google.Chrome.7eVpA9}, goog:chromeOptions: {debuggerAddress: localhost:37951}, networkConnectionEnabled: false, pageLoadStrategy: normal, platformName: LINUX, proxy: Proxy(), se:cdp: ws://localhost:37951/devtoo..., se:cdpVersion: 114.0.5735.106, setWindowRect: true, strictFileInteractability: false, timeouts: {implicit: 0, pageLoad: 300000, script: 30000}, unhandledPromptBehavior: dismiss and notify, webauthn:extension:credBlob: true, webauthn:extension:largeBlob: true, webauthn:extension:minPinLength: true, webauthn:extension:prf: true, webauthn:virtualAuthenticators: true}\nSession ID: 5ec469497e11147ca63c6a219d1acc86\n\tat java.base/jdk.internal.reflect.NativeConstructorAccessorImpl.newInstance0(Native Method)\n\tat java.base/jdk.internal.reflect.NativeConstructorAccessorImpl.newInstance(NativeConstructorAccessorImpl.java:62)\n\tat java.base/jdk.internal.reflect.DelegatingConstructorAccessorImpl.newInstance(DelegatingConstructorAccessorImpl.java:45)\n\tat java.base/java.lang.reflect.Constructor.newInstance(Constructor.java:490)\n\tat org.openqa.selenium.remote.codec.w3c.W3CHttpResponseCodec.createException(W3CHttpResponseCodec.java:200)\n\tat org.openqa.selenium.remote.codec.w3c.W3CHttpResponseCodec.decode(W3CHttpResponseCodec.java:133)\n\tat org.openqa.selenium.remote.codec.w3c.W3CHttpResponseCodec.decode(W3CHttpResponseCodec.java:53)\n\tat org.openqa.selenium.remote.HttpCommandExecutor.execute(HttpCommandExecutor.java:184)\n\tat org.openqa.selenium.remote.service.DriverCommandExecutor.invokeExecute(DriverCommandExecutor.java:167)\n\tat org.openqa.selenium.remote.service.DriverCommandExecutor.execute(DriverCommandExecutor.java:142)\n\tat org.openqa.selenium.remote.RemoteWebDriver.execute(RemoteWebDriver.java:569)\n\tat org.openqa.selenium.remote.ElementLocation$ElementFinder$2.findElement(ElementLocation.java:162)\n\tat org.openqa.selenium.remote.ElementLocation.findElement(ElementLocation.java:60)\n\tat org.openqa.selenium.remote.RemoteWebDriver.findElement(RemoteWebDriver.java:387)\n\tat org.openqa.selenium.remote.RemoteWebDriver.findElement(RemoteWebDriver.java:379)\n\tat org.openqa.selenium.support.pagefactory.DefaultElementLocator.findElement(DefaultElementLocator.java:70)\n\tat org.openqa.selenium.support.pagefactory.internal.LocatingElementHandler.invoke(LocatingElementHandler.java:39)\n\tat com.sun.proxy.$Proxy24.isEnabled(Unknown Source)\n\tat utils.Asserts.contains(Asserts.java:33)\n\tat actions.accessibilities.RegistrationActions.accessRegistrationPage(RegistrationActions.java:22)\n\tat steps.accessibilities.RegistrationSteps.acesse_a_pagina_de_cadastro(RegistrationSteps.java:15)\n\tat ✽.acesse a pagina de cadastro(file:///home/runner/work/Selenium-Cucumber-Java/Selenium-Cucumber-Java/src/test/resources/features/accessibilities/Registration.feature:9)\n","flaky":false,"newFailed":false,"newBroken":true,"newPassed":false,"retriesCount":0,"retriesStatusChange":false,"beforeStages":[{"name":"steps.Hooks.go(io.cucumber.java.Scenario)","time":{"start":1686859917101,"stop":1686859918724,"duration":1623},"status":"passed","steps":[],"attachments":[],"parameters":[],"stepsCount":0,"attachmentsCount":0,"shouldDisplayMessage":false,"hasContent":false}],"testStage":{"description":"  - Eu como usuario devo poder me cadastrar na plataforma.","status":"broken","statusMessage":"no such element: Unable to locate element: {\"method\":\"css selector\",\"selector\":\"[class='account_form']\"}\n  (Session info: headless chrome=114.0.5735.106)\nFor documentation on this error, please visit: https://selenium.dev/exceptions/#no_such_element\nBuild info: version: '4.3.0', revision: 'a4995e2c09*'\nSystem info: host: 'fv-az444-562', ip: '10.1.0.168', os.name: 'Linux', os.arch: 'amd64', os.version: '5.15.0-1039-azure', java.version: '11.0.19'\nDriver info: org.openqa.selenium.chrome.ChromeDriver\nCommand: [5ec469497e11147ca63c6a219d1acc86, findElement {using=css selector, value=[class='account_form']}]\nCapabilities {acceptInsecureCerts: false, browserName: chrome, browserVersion: 114.0.5735.106, chrome: {chromedriverVersion: 114.0.5735.90 (386bc09e8f4f..., userDataDir: /tmp/.com.google.Chrome.7eVpA9}, goog:chromeOptions: {debuggerAddress: localhost:37951}, networkConnectionEnabled: false, pageLoadStrategy: normal, platformName: LINUX, proxy: Proxy(), se:cdp: ws://localhost:37951/devtoo..., se:cdpVersion: 114.0.5735.106, setWindowRect: true, strictFileInteractability: false, timeouts: {implicit: 0, pageLoad: 300000, script: 30000}, unhandledPromptBehavior: dismiss and notify, webauthn:extension:credBlob: true, webauthn:extension:largeBlob: true, webauthn:extension:minPinLength: true, webauthn:extension:prf: true, webauthn:virtualAuthenticators: true}\nSession ID: 5ec469497e11147ca63c6a219d1acc86","statusTrace":"org.openqa.selenium.NoSuchElementException: no such element: Unable to locate element: {\"method\":\"css selector\",\"selector\":\"[class='account_form']\"}\n  (Session info: headless chrome=114.0.5735.106)\nFor documentation on this error, please visit: https://selenium.dev/exceptions/#no_such_element\nBuild info: version: '4.3.0', revision: 'a4995e2c09*'\nSystem info: host: 'fv-az444-562', ip: '10.1.0.168', os.name: 'Linux', os.arch: 'amd64', os.version: '5.15.0-1039-azure', java.version: '11.0.19'\nDriver info: org.openqa.selenium.chrome.ChromeDriver\nCommand: [5ec469497e11147ca63c6a219d1acc86, findElement {using=css selector, value=[class='account_form']}]\nCapabilities {acceptInsecureCerts: false, browserName: chrome, browserVersion: 114.0.5735.106, chrome: {chromedriverVersion: 114.0.5735.90 (386bc09e8f4f..., userDataDir: /tmp/.com.google.Chrome.7eVpA9}, goog:chromeOptions: {debuggerAddress: localhost:37951}, networkConnectionEnabled: false, pageLoadStrategy: normal, platformName: LINUX, proxy: Proxy(), se:cdp: ws://localhost:37951/devtoo..., se:cdpVersion: 114.0.5735.106, setWindowRect: true, strictFileInteractability: false, timeouts: {implicit: 0, pageLoad: 300000, script: 30000}, unhandledPromptBehavior: dismiss and notify, webauthn:extension:credBlob: true, webauthn:extension:largeBlob: true, webauthn:extension:minPinLength: true, webauthn:extension:prf: true, webauthn:virtualAuthenticators: true}\nSession ID: 5ec469497e11147ca63c6a219d1acc86\n\tat java.base/jdk.internal.reflect.NativeConstructorAccessorImpl.newInstance0(Native Method)\n\tat java.base/jdk.internal.reflect.NativeConstructorAccessorImpl.newInstance(NativeConstructorAccessorImpl.java:62)\n\tat java.base/jdk.internal.reflect.DelegatingConstructorAccessorImpl.newInstance(DelegatingConstructorAccessorImpl.java:45)\n\tat java.base/java.lang.reflect.Constructor.newInstance(Constructor.java:490)\n\tat org.openqa.selenium.remote.codec.w3c.W3CHttpResponseCodec.createException(W3CHttpResponseCodec.java:200)\n\tat org.openqa.selenium.remote.codec.w3c.W3CHttpResponseCodec.decode(W3CHttpResponseCodec.java:133)\n\tat org.openqa.selenium.remote.codec.w3c.W3CHttpResponseCodec.decode(W3CHttpResponseCodec.java:53)\n\tat org.openqa.selenium.remote.HttpCommandExecutor.execute(HttpCommandExecutor.java:184)\n\tat org.openqa.selenium.remote.service.DriverCommandExecutor.invokeExecute(DriverCommandExecutor.java:167)\n\tat org.openqa.selenium.remote.service.DriverCommandExecutor.execute(DriverCommandExecutor.java:142)\n\tat org.openqa.selenium.remote.RemoteWebDriver.execute(RemoteWebDriver.java:569)\n\tat org.openqa.selenium.remote.ElementLocation$ElementFinder$2.findElement(ElementLocation.java:162)\n\tat org.openqa.selenium.remote.ElementLocation.findElement(ElementLocation.java:60)\n\tat org.openqa.selenium.remote.RemoteWebDriver.findElement(RemoteWebDriver.java:387)\n\tat org.openqa.selenium.remote.RemoteWebDriver.findElement(RemoteWebDriver.java:379)\n\tat org.openqa.selenium.support.pagefactory.DefaultElementLocator.findElement(DefaultElementLocator.java:70)\n\tat org.openqa.selenium.support.pagefactory.internal.LocatingElementHandler.invoke(LocatingElementHandler.java:39)\n\tat com.sun.proxy.$Proxy24.isEnabled(Unknown Source)\n\tat utils.Asserts.contains(Asserts.java:33)\n\tat actions.accessibilities.RegistrationActions.accessRegistrationPage(RegistrationActions.java:22)\n\tat steps.accessibilities.RegistrationSteps.acesse_a_pagina_de_cadastro(RegistrationSteps.java:15)\n\tat ✽.acesse a pagina de cadastro(file:///home/runner/work/Selenium-Cucumber-Java/Selenium-Cucumber-Java/src/test/resources/features/accessibilities/Registration.feature:9)\n","steps":[{"name":"Dado  que o usuario acesse o site","time":{"start":1686859918725,"stop":1686859919043,"duration":318},"status":"passed","steps":[],"attachments":[],"parameters":[],"stepsCount":0,"attachmentsCount":0,"shouldDisplayMessage":false,"hasContent":false},{"name":"E  acesse a pagina de cadastro","time":{"start":1686859920292,"stop":1686859925428,"duration":5136},"status":"broken","statusMessage":"no such element: Unable to locate element: {\"method\":\"css selector\",\"selector\":\"[class='account_form']\"}\n  (Session info: headless chrome=114.0.5735.106)\nFor documentation on this error, please visit: https://selenium.dev/exceptions/#no_such_element\nBuild info: version: '4.3.0', revision: 'a4995e2c09*'\nSystem info: host: 'fv-az444-562', ip: '10.1.0.168', os.name: 'Linux', os.arch: 'amd64', os.version: '5.15.0-1039-azure', java.version: '11.0.19'\nDriver info: org.openqa.selenium.chrome.ChromeDriver\nCommand: [5ec469497e11147ca63c6a219d1acc86, findElement {using=css selector, value=[class='account_form']}]\nCapabilities {acceptInsecureCerts: false, browserName: chrome, browserVersion: 114.0.5735.106, chrome: {chromedriverVersion: 114.0.5735.90 (386bc09e8f4f..., userDataDir: /tmp/.com.google.Chrome.7eVpA9}, goog:chromeOptions: {debuggerAddress: localhost:37951}, networkConnectionEnabled: false, pageLoadStrategy: normal, platformName: LINUX, proxy: Proxy(), se:cdp: ws://localhost:37951/devtoo..., se:cdpVersion: 114.0.5735.106, setWindowRect: true, strictFileInteractability: false, timeouts: {implicit: 0, pageLoad: 300000, script: 30000}, unhandledPromptBehavior: dismiss and notify, webauthn:extension:credBlob: true, webauthn:extension:largeBlob: true, webauthn:extension:minPinLength: true, webauthn:extension:prf: true, webauthn:virtualAuthenticators: true}\nSession ID: 5ec469497e11147ca63c6a219d1acc86","statusTrace":"org.openqa.selenium.NoSuchElementException: no such element: Unable to locate element: {\"method\":\"css selector\",\"selector\":\"[class='account_form']\"}\n  (Session info: headless chrome=114.0.5735.106)\nFor documentation on this error, please visit: https://selenium.dev/exceptions/#no_such_element\nBuild info: version: '4.3.0', revision: 'a4995e2c09*'\nSystem info: host: 'fv-az444-562', ip: '10.1.0.168', os.name: 'Linux', os.arch: 'amd64', os.version: '5.15.0-1039-azure', java.version: '11.0.19'\nDriver info: org.openqa.selenium.chrome.ChromeDriver\nCommand: [5ec469497e11147ca63c6a219d1acc86, findElement {using=css selector, value=[class='account_form']}]\nCapabilities {acceptInsecureCerts: false, browserName: chrome, browserVersion: 114.0.5735.106, chrome: {chromedriverVersion: 114.0.5735.90 (386bc09e8f4f..., userDataDir: /tmp/.com.google.Chrome.7eVpA9}, goog:chromeOptions: {debuggerAddress: localhost:37951}, networkConnectionEnabled: false, pageLoadStrategy: normal, platformName: LINUX, proxy: Proxy(), se:cdp: ws://localhost:37951/devtoo..., se:cdpVersion: 114.0.5735.106, setWindowRect: true, strictFileInteractability: false, timeouts: {implicit: 0, pageLoad: 300000, script: 30000}, unhandledPromptBehavior: dismiss and notify, webauthn:extension:credBlob: true, webauthn:extension:largeBlob: true, webauthn:extension:minPinLength: true, webauthn:extension:prf: true, webauthn:virtualAuthenticators: true}\nSession ID: 5ec469497e11147ca63c6a219d1acc86\n\tat java.base/jdk.internal.reflect.NativeConstructorAccessorImpl.newInstance0(Native Method)\n\tat java.base/jdk.internal.reflect.NativeConstructorAccessorImpl.newInstance(NativeConstructorAccessorImpl.java:62)\n\tat java.base/jdk.internal.reflect.DelegatingConstructorAccessorImpl.newInstance(DelegatingConstructorAccessorImpl.java:45)\n\tat java.base/java.lang.reflect.Constructor.newInstance(Constructor.java:490)\n\tat org.openqa.selenium.remote.codec.w3c.W3CHttpResponseCodec.createException(W3CHttpResponseCodec.java:200)\n\tat org.openqa.selenium.remote.codec.w3c.W3CHttpResponseCodec.decode(W3CHttpResponseCodec.java:133)\n\tat org.openqa.selenium.remote.codec.w3c.W3CHttpResponseCodec.decode(W3CHttpResponseCodec.java:53)\n\tat org.openqa.selenium.remote.HttpCommandExecutor.execute(HttpCommandExecutor.java:184)\n\tat org.openqa.selenium.remote.service.DriverCommandExecutor.invokeExecute(DriverCommandExecutor.java:167)\n\tat org.openqa.selenium.remote.service.DriverCommandExecutor.execute(DriverCommandExecutor.java:142)\n\tat org.openqa.selenium.remote.RemoteWebDriver.execute(RemoteWebDriver.java:569)\n\tat org.openqa.selenium.remote.ElementLocation$ElementFinder$2.findElement(ElementLocation.java:162)\n\tat org.openqa.selenium.remote.ElementLocation.findElement(ElementLocation.java:60)\n\tat org.openqa.selenium.remote.RemoteWebDriver.findElement(RemoteWebDriver.java:387)\n\tat org.openqa.selenium.remote.RemoteWebDriver.findElement(RemoteWebDriver.java:379)\n\tat org.openqa.selenium.support.pagefactory.DefaultElementLocator.findElement(DefaultElementLocator.java:70)\n\tat org.openqa.selenium.support.pagefactory.internal.LocatingElementHandler.invoke(LocatingElementHandler.java:39)\n\tat com.sun.proxy.$Proxy24.isEnabled(Unknown Source)\n\tat utils.Asserts.contains(Asserts.java:33)\n\tat actions.accessibilities.RegistrationActions.accessRegistrationPage(RegistrationActions.java:22)\n\tat steps.accessibilities.RegistrationSteps.acesse_a_pagina_de_cadastro(RegistrationSteps.java:15)\n\tat ✽.acesse a pagina de cadastro(file:///home/runner/work/Selenium-Cucumber-Java/Selenium-Cucumber-Java/src/test/resources/features/accessibilities/Registration.feature:9)\n","steps":[],"attachments":[],"parameters":[],"stepsCount":0,"attachmentsCount":0,"shouldDisplayMessage":true,"hasContent":true},{"name":"Quando  ele submeter o formulario com:","time":{"start":1686859925611,"stop":1686859925611,"duration":0},"status":"skipped","steps":[],"attachments":[{"uid":"87c247cb7c17580e","name":"Data table","source":"87c247cb7c17580e.csv","type":"text/tab-separated-values","size":49}],"parameters":[],"stepsCount":0,"attachmentsCount":1,"shouldDisplayMessage":false,"hasContent":true},{"name":"Então  ele vê a mensagem: \"O campo e-mail deve ser prenchido corretamente\"","time":{"start":1686859925612,"stop":1686859925612,"duration":0},"status":"skipped","steps":[],"attachments":[],"parameters":[],"stepsCount":0,"attachmentsCount":0,"shouldDisplayMessage":false,"hasContent":false}],"attachments":[],"parameters":[],"stepsCount":4,"attachmentsCount":1,"shouldDisplayMessage":false,"hasContent":true},"afterStages":[{"name":"steps.Hooks.addReport(io.cucumber.java.Scenario)","time":{"start":1686859919044,"stop":1686859920291,"duration":1247},"status":"passed","steps":[],"attachments":[{"uid":"ab6976b6a050c225","name":"Screenshot","source":"ab6976b6a050c225.png","type":"image/png","size":117359}],"parameters":[],"stepsCount":0,"attachmentsCount":1,"shouldDisplayMessage":false,"hasContent":true},{"name":"steps.Hooks.addReport(io.cucumber.java.Scenario)","time":{"start":1686859925429,"stop":1686859925610,"duration":181},"status":"passed","steps":[],"attachments":[{"uid":"183e4a9e11b96077","name":"Screenshot","source":"183e4a9e11b96077.png","type":"image/png","size":22091}],"parameters":[],"stepsCount":0,"attachmentsCount":1,"shouldDisplayMessage":false,"hasContent":true},{"name":"steps.Hooks.addReport(io.cucumber.java.Scenario)","time":{"start":1686859925611,"stop":1686859925611,"duration":0},"status":"skipped","statusMessage":"AFTER_STEP is failed.","steps":[],"attachments":[],"parameters":[],"stepsCount":0,"attachmentsCount":0,"shouldDisplayMessage":true,"hasContent":true},{"name":"steps.Hooks.addReport(io.cucumber.java.Scenario)","time":{"start":1686859925612,"stop":1686859925612,"duration":0},"status":"skipped","statusMessage":"AFTER_STEP is failed.","steps":[],"attachments":[],"parameters":[],"stepsCount":0,"attachmentsCount":0,"shouldDisplayMessage":true,"hasContent":true},{"name":"steps.Hooks.goBack()","time":{"start":1686859925612,"stop":1686859925716,"duration":104},"status":"passed","steps":[],"attachments":[],"parameters":[],"stepsCount":0,"attachmentsCount":0,"shouldDisplayMessage":false,"hasContent":false}],"labels":[{"name":"tag","value":"regression"},{"name":"tag","value":"registration_all"},{"name":"host","value":"fv-az444-562"},{"name":"thread","value":"2503@fv-az444-562.main(1)"},{"name":"feature","value":"Cadastro de usuario"},{"name":"story","value":"Envio de formulario com email invalido"},{"name":"suite","value":"Cadastro de usuario"},{"name":"testClass","value":"Envio de formulario com email invalido"},{"name":"framework","value":"cucumber4jvm"},{"name":"language","value":"java"},{"name":"gherkin_uri","value":"file:///home/runner/work/Selenium-Cucumber-Java/Selenium-Cucumber-Java/src/test/resources/features/accessibilities/Registration.feature"},{"name":"package","value":"src.test.resources.features.accessibilities.Registration_feature.Cadastro de usuario"},{"name":"resultFormat","value":"allure2"}],"parameters":[{"name":"email","value":"joao123@erro"},{"name":"mensagem","value":"O campo e-mail deve ser prenchido corretamente"},{"name":"name","value":"João"},{"name":"password","value":"Mudar@123"}],"links":[],"hidden":false,"retry":false,"extra":{"severity":"normal","retries":[],"categories":[{"name":"Test defects","matchedStatuses":[],"flaky":false}],"history":{"statistic":{"failed":0,"broken":2,"skipped":1,"passed":195,"unknown":0,"total":198},"items":[{"uid":"22952125eda85a30","reportUrl":"https://juliosantosjob.github.io/Selenium-Cucumber-Java/288//#testresult/22952125eda85a30","status":"passed","time":{"start":1686831670418,"stop":1686831682164,"duration":11746}},{"uid":"aa0923748206af1","reportUrl":"https://juliosantosjob.github.io/Selenium-Cucumber-Java/287//#testresult/aa0923748206af1","status":"passed","time":{"start":1686773501046,"stop":1686773513622,"duration":12576}},{"uid":"2e6117e546564b58","reportUrl":"https://juliosantosjob.github.io/Selenium-Cucumber-Java/286//#testresult/2e6117e546564b58","status":"passed","time":{"start":1686745283158,"stop":1686745295793,"duration":12635}},{"uid":"638b8534cd3e4662","reportUrl":"https://juliosantosjob.github.io/Selenium-Cucumber-Java/285//#testresult/638b8534cd3e4662","status":"passed","time":{"start":1686687133898,"stop":1686687146423,"duration":12525}},{"uid":"54580aef1c66c28f","reportUrl":"https://juliosantosjob.github.io/Selenium-Cucumber-Java/284//#testresult/54580aef1c66c28f","status":"passed","time":{"start":1686658866184,"stop":1686658874408,"duration":8224}},{"uid":"124466887c0ec6be","reportUrl":"https://juliosantosjob.github.io/Selenium-Cucumber-Java/283//#testresult/124466887c0ec6be","status":"passed","time":{"start":1686600708804,"stop":1686600721043,"duration":12239}},{"uid":"2fae3dec56e8bf8","reportUrl":"https://juliosantosjob.github.io/Selenium-Cucumber-Java/282//#testresult/2fae3dec56e8bf8","status":"passed","time":{"start":1686572460717,"stop":1686572474067,"duration":13350}},{"uid":"9dac12a072ee0cb1","reportUrl":"https://juliosantosjob.github.io/Selenium-Cucumber-Java/281//#testresult/9dac12a072ee0cb1","status":"passed","time":{"start":1686341493965,"stop":1686341501423,"duration":7458}},{"uid":"a09e9a7896e73237","reportUrl":"https://juliosantosjob.github.io/Selenium-Cucumber-Java/280//#testresult/a09e9a7896e73237","status":"passed","time":{"start":1686313238517,"stop":1686313254352,"duration":15835}},{"uid":"419571a3b4f1d0fa","reportUrl":"https://juliosantosjob.github.io/Selenium-Cucumber-Java/279//#testresult/419571a3b4f1d0fa","status":"passed","time":{"start":1686255109545,"stop":1686255121830,"duration":12285}},{"uid":"3424388f6fa9ba04","reportUrl":"https://juliosantosjob.github.io/Selenium-Cucumber-Java/278//#testresult/3424388f6fa9ba04","status":"passed","time":{"start":1686226825753,"stop":1686226838950,"duration":13197}},{"uid":"ad38b34f8985fcc","reportUrl":"https://juliosantosjob.github.io/Selenium-Cucumber-Java/277//#testresult/ad38b34f8985fcc","status":"passed","time":{"start":1686168695134,"stop":1686168703076,"duration":7942}},{"uid":"3ff4e71d256673f6","reportUrl":"https://juliosantosjob.github.io/Selenium-Cucumber-Java/276//#testresult/3ff4e71d256673f6","status":"passed","time":{"start":1686140486189,"stop":1686140493551,"duration":7362}},{"uid":"57d2de6201504c31","reportUrl":"https://juliosantosjob.github.io/Selenium-Cucumber-Java/275//#testresult/57d2de6201504c31","status":"passed","time":{"start":1686082323403,"stop":1686082335342,"duration":11939}},{"uid":"26a1aad0e9b4627","reportUrl":"https://juliosantosjob.github.io/Selenium-Cucumber-Java/274//#testresult/26a1aad0e9b4627","status":"passed","time":{"start":1686054088337,"stop":1686054096587,"duration":8250}},{"uid":"5c13119cd6c4a89b","reportUrl":"https://juliosantosjob.github.io/Selenium-Cucumber-Java/273//#testresult/5c13119cd6c4a89b","status":"passed","time":{"start":1685995928838,"stop":1685995941844,"duration":13006}},{"uid":"d1d499cc5670ac37","reportUrl":"https://juliosantosjob.github.io/Selenium-Cucumber-Java/272//#testresult/d1d499cc5670ac37","status":"passed","time":{"start":1685967752105,"stop":1685967763482,"duration":11377}},{"uid":"d5af6d7e39a13927","reportUrl":"https://juliosantosjob.github.io/Selenium-Cucumber-Java/271//#testresult/d5af6d7e39a13927","status":"passed","time":{"start":1685736683115,"stop":1685736700835,"duration":17720}},{"uid":"558175802985a966","reportUrl":"https://juliosantosjob.github.io/Selenium-Cucumber-Java/270//#testresult/558175802985a966","status":"passed","time":{"start":1685708509836,"stop":1685708523043,"duration":13207}},{"uid":"6cd0df935dc79fb2","reportUrl":"https://juliosantosjob.github.io/Selenium-Cucumber-Java/269//#testresult/6cd0df935dc79fb2","status":"passed","time":{"start":1685650312584,"stop":1685650324947,"duration":12363}}]},"tags":["registration_all","regression"]},"source":"f457cde394b119af.json","parameterValues":["joao123@erro","O campo e-mail deve ser prenchido corretamente","João","Mudar@123"]}