{"uid":"8b16eec06271e916","name":"Envio de formulario com email invalido","fullName":"Cadastro de usuario: Envio de formulario com email invalido","historyId":"64f501d2c5aaec1b17a05010e455bd30","time":{"start":1683231114221,"stop":1683231122470,"duration":8249},"description":"  - Eu como usuario devo poder me cadastrar na plataforma.","descriptionHtml":"<ul>\n<li>Eu como usuario devo poder me cadastrar na plataforma.</li>\n</ul>\n","status":"broken","statusMessage":"no such element: Unable to locate element: {\"method\":\"css selector\",\"selector\":\"[class='account_form']\"}\n  (Session info: headless chrome=112.0.5615.165)\nFor documentation on this error, please visit: https://selenium.dev/exceptions/#no_such_element\nBuild info: version: '4.3.0', revision: 'a4995e2c09*'\nSystem info: host: 'fv-az401-303', ip: '10.1.0.99', os.name: 'Linux', os.arch: 'amd64', os.version: '5.15.0-1036-azure', java.version: '11.0.19'\nDriver info: org.openqa.selenium.chrome.ChromeDriver\nCommand: [4c40e06151fa40f0aa3577b10f9c87be, findElement {using=css selector, value=[class='account_form']}]\nCapabilities {acceptInsecureCerts: false, browserName: chrome, browserVersion: 112.0.5615.165, chrome: {chromedriverVersion: 112.0.5615.49 (bd2a7bcb881c..., userDataDir: /tmp/.com.google.Chrome.QtVYAk}, goog:chromeOptions: {debuggerAddress: localhost:45369}, networkConnectionEnabled: false, pageLoadStrategy: normal, platformName: LINUX, proxy: Proxy(), se:cdp: ws://localhost:45369/devtoo..., se:cdpVersion: 112.0.5615.165, setWindowRect: true, strictFileInteractability: false, timeouts: {implicit: 0, pageLoad: 300000, script: 30000}, unhandledPromptBehavior: dismiss and notify, webauthn:extension:credBlob: true, webauthn:extension:largeBlob: true, webauthn:extension:minPinLength: true, webauthn:extension:prf: true, webauthn:virtualAuthenticators: true}\nSession ID: 4c40e06151fa40f0aa3577b10f9c87be","statusTrace":"org.openqa.selenium.NoSuchElementException: no such element: Unable to locate element: {\"method\":\"css selector\",\"selector\":\"[class='account_form']\"}\n  (Session info: headless chrome=112.0.5615.165)\nFor documentation on this error, please visit: https://selenium.dev/exceptions/#no_such_element\nBuild info: version: '4.3.0', revision: 'a4995e2c09*'\nSystem info: host: 'fv-az401-303', ip: '10.1.0.99', os.name: 'Linux', os.arch: 'amd64', os.version: '5.15.0-1036-azure', java.version: '11.0.19'\nDriver info: org.openqa.selenium.chrome.ChromeDriver\nCommand: [4c40e06151fa40f0aa3577b10f9c87be, findElement {using=css selector, value=[class='account_form']}]\nCapabilities {acceptInsecureCerts: false, browserName: chrome, browserVersion: 112.0.5615.165, chrome: {chromedriverVersion: 112.0.5615.49 (bd2a7bcb881c..., userDataDir: /tmp/.com.google.Chrome.QtVYAk}, goog:chromeOptions: {debuggerAddress: localhost:45369}, networkConnectionEnabled: false, pageLoadStrategy: normal, platformName: LINUX, proxy: Proxy(), se:cdp: ws://localhost:45369/devtoo..., se:cdpVersion: 112.0.5615.165, setWindowRect: true, strictFileInteractability: false, timeouts: {implicit: 0, pageLoad: 300000, script: 30000}, unhandledPromptBehavior: dismiss and notify, webauthn:extension:credBlob: true, webauthn:extension:largeBlob: true, webauthn:extension:minPinLength: true, webauthn:extension:prf: true, webauthn:virtualAuthenticators: true}\nSession ID: 4c40e06151fa40f0aa3577b10f9c87be\n\tat java.base/jdk.internal.reflect.NativeConstructorAccessorImpl.newInstance0(Native Method)\n\tat java.base/jdk.internal.reflect.NativeConstructorAccessorImpl.newInstance(NativeConstructorAccessorImpl.java:62)\n\tat java.base/jdk.internal.reflect.DelegatingConstructorAccessorImpl.newInstance(DelegatingConstructorAccessorImpl.java:45)\n\tat java.base/java.lang.reflect.Constructor.newInstance(Constructor.java:490)\n\tat org.openqa.selenium.remote.codec.w3c.W3CHttpResponseCodec.createException(W3CHttpResponseCodec.java:200)\n\tat org.openqa.selenium.remote.codec.w3c.W3CHttpResponseCodec.decode(W3CHttpResponseCodec.java:133)\n\tat org.openqa.selenium.remote.codec.w3c.W3CHttpResponseCodec.decode(W3CHttpResponseCodec.java:53)\n\tat org.openqa.selenium.remote.HttpCommandExecutor.execute(HttpCommandExecutor.java:184)\n\tat org.openqa.selenium.remote.service.DriverCommandExecutor.invokeExecute(DriverCommandExecutor.java:167)\n\tat org.openqa.selenium.remote.service.DriverCommandExecutor.execute(DriverCommandExecutor.java:142)\n\tat org.openqa.selenium.remote.RemoteWebDriver.execute(RemoteWebDriver.java:569)\n\tat org.openqa.selenium.remote.ElementLocation$ElementFinder$2.findElement(ElementLocation.java:162)\n\tat org.openqa.selenium.remote.ElementLocation.findElement(ElementLocation.java:60)\n\tat org.openqa.selenium.remote.RemoteWebDriver.findElement(RemoteWebDriver.java:387)\n\tat org.openqa.selenium.remote.RemoteWebDriver.findElement(RemoteWebDriver.java:379)\n\tat org.openqa.selenium.support.pagefactory.DefaultElementLocator.findElement(DefaultElementLocator.java:70)\n\tat org.openqa.selenium.support.pagefactory.internal.LocatingElementHandler.invoke(LocatingElementHandler.java:39)\n\tat com.sun.proxy.$Proxy24.isEnabled(Unknown Source)\n\tat utils.Asserts.contains(Asserts.java:33)\n\tat actions.accessibilities.RegistrationActions.accessRegistrationPage(RegistrationActions.java:22)\n\tat steps.accessibilities.RegistrationSteps.acesse_a_pagina_de_cadastro(RegistrationSteps.java:15)\n\tat ✽.acesse a pagina de cadastro(file:///home/runner/work/Selenium-Cucumber-Java/Selenium-Cucumber-Java/src/test/resources/features/accessibilities/Registration.feature:9)\n","flaky":false,"newFailed":false,"newBroken":true,"newPassed":false,"retriesCount":0,"retriesStatusChange":false,"beforeStages":[{"name":"steps.Hooks.go(io.cucumber.java.Scenario)","time":{"start":1683231114221,"stop":1683231115647,"duration":1426},"status":"passed","steps":[],"attachments":[],"parameters":[],"stepsCount":0,"attachmentsCount":0,"shouldDisplayMessage":false,"hasContent":false}],"testStage":{"description":"  - Eu como usuario devo poder me cadastrar na plataforma.","status":"broken","statusMessage":"no such element: Unable to locate element: {\"method\":\"css selector\",\"selector\":\"[class='account_form']\"}\n  (Session info: headless chrome=112.0.5615.165)\nFor documentation on this error, please visit: https://selenium.dev/exceptions/#no_such_element\nBuild info: version: '4.3.0', revision: 'a4995e2c09*'\nSystem info: host: 'fv-az401-303', ip: '10.1.0.99', os.name: 'Linux', os.arch: 'amd64', os.version: '5.15.0-1036-azure', java.version: '11.0.19'\nDriver info: org.openqa.selenium.chrome.ChromeDriver\nCommand: [4c40e06151fa40f0aa3577b10f9c87be, findElement {using=css selector, value=[class='account_form']}]\nCapabilities {acceptInsecureCerts: false, browserName: chrome, browserVersion: 112.0.5615.165, chrome: {chromedriverVersion: 112.0.5615.49 (bd2a7bcb881c..., userDataDir: /tmp/.com.google.Chrome.QtVYAk}, goog:chromeOptions: {debuggerAddress: localhost:45369}, networkConnectionEnabled: false, pageLoadStrategy: normal, platformName: LINUX, proxy: Proxy(), se:cdp: ws://localhost:45369/devtoo..., se:cdpVersion: 112.0.5615.165, setWindowRect: true, strictFileInteractability: false, timeouts: {implicit: 0, pageLoad: 300000, script: 30000}, unhandledPromptBehavior: dismiss and notify, webauthn:extension:credBlob: true, webauthn:extension:largeBlob: true, webauthn:extension:minPinLength: true, webauthn:extension:prf: true, webauthn:virtualAuthenticators: true}\nSession ID: 4c40e06151fa40f0aa3577b10f9c87be","statusTrace":"org.openqa.selenium.NoSuchElementException: no such element: Unable to locate element: {\"method\":\"css selector\",\"selector\":\"[class='account_form']\"}\n  (Session info: headless chrome=112.0.5615.165)\nFor documentation on this error, please visit: https://selenium.dev/exceptions/#no_such_element\nBuild info: version: '4.3.0', revision: 'a4995e2c09*'\nSystem info: host: 'fv-az401-303', ip: '10.1.0.99', os.name: 'Linux', os.arch: 'amd64', os.version: '5.15.0-1036-azure', java.version: '11.0.19'\nDriver info: org.openqa.selenium.chrome.ChromeDriver\nCommand: [4c40e06151fa40f0aa3577b10f9c87be, findElement {using=css selector, value=[class='account_form']}]\nCapabilities {acceptInsecureCerts: false, browserName: chrome, browserVersion: 112.0.5615.165, chrome: {chromedriverVersion: 112.0.5615.49 (bd2a7bcb881c..., userDataDir: /tmp/.com.google.Chrome.QtVYAk}, goog:chromeOptions: {debuggerAddress: localhost:45369}, networkConnectionEnabled: false, pageLoadStrategy: normal, platformName: LINUX, proxy: Proxy(), se:cdp: ws://localhost:45369/devtoo..., se:cdpVersion: 112.0.5615.165, setWindowRect: true, strictFileInteractability: false, timeouts: {implicit: 0, pageLoad: 300000, script: 30000}, unhandledPromptBehavior: dismiss and notify, webauthn:extension:credBlob: true, webauthn:extension:largeBlob: true, webauthn:extension:minPinLength: true, webauthn:extension:prf: true, webauthn:virtualAuthenticators: true}\nSession ID: 4c40e06151fa40f0aa3577b10f9c87be\n\tat java.base/jdk.internal.reflect.NativeConstructorAccessorImpl.newInstance0(Native Method)\n\tat java.base/jdk.internal.reflect.NativeConstructorAccessorImpl.newInstance(NativeConstructorAccessorImpl.java:62)\n\tat java.base/jdk.internal.reflect.DelegatingConstructorAccessorImpl.newInstance(DelegatingConstructorAccessorImpl.java:45)\n\tat java.base/java.lang.reflect.Constructor.newInstance(Constructor.java:490)\n\tat org.openqa.selenium.remote.codec.w3c.W3CHttpResponseCodec.createException(W3CHttpResponseCodec.java:200)\n\tat org.openqa.selenium.remote.codec.w3c.W3CHttpResponseCodec.decode(W3CHttpResponseCodec.java:133)\n\tat org.openqa.selenium.remote.codec.w3c.W3CHttpResponseCodec.decode(W3CHttpResponseCodec.java:53)\n\tat org.openqa.selenium.remote.HttpCommandExecutor.execute(HttpCommandExecutor.java:184)\n\tat org.openqa.selenium.remote.service.DriverCommandExecutor.invokeExecute(DriverCommandExecutor.java:167)\n\tat org.openqa.selenium.remote.service.DriverCommandExecutor.execute(DriverCommandExecutor.java:142)\n\tat org.openqa.selenium.remote.RemoteWebDriver.execute(RemoteWebDriver.java:569)\n\tat org.openqa.selenium.remote.ElementLocation$ElementFinder$2.findElement(ElementLocation.java:162)\n\tat org.openqa.selenium.remote.ElementLocation.findElement(ElementLocation.java:60)\n\tat org.openqa.selenium.remote.RemoteWebDriver.findElement(RemoteWebDriver.java:387)\n\tat org.openqa.selenium.remote.RemoteWebDriver.findElement(RemoteWebDriver.java:379)\n\tat org.openqa.selenium.support.pagefactory.DefaultElementLocator.findElement(DefaultElementLocator.java:70)\n\tat org.openqa.selenium.support.pagefactory.internal.LocatingElementHandler.invoke(LocatingElementHandler.java:39)\n\tat com.sun.proxy.$Proxy24.isEnabled(Unknown Source)\n\tat utils.Asserts.contains(Asserts.java:33)\n\tat actions.accessibilities.RegistrationActions.accessRegistrationPage(RegistrationActions.java:22)\n\tat steps.accessibilities.RegistrationSteps.acesse_a_pagina_de_cadastro(RegistrationSteps.java:15)\n\tat ✽.acesse a pagina de cadastro(file:///home/runner/work/Selenium-Cucumber-Java/Selenium-Cucumber-Java/src/test/resources/features/accessibilities/Registration.feature:9)\n","steps":[{"name":"Dado  que o usuario acesse o site","time":{"start":1683231115647,"stop":1683231115825,"duration":178},"status":"passed","steps":[],"attachments":[],"parameters":[],"stepsCount":0,"attachmentsCount":0,"shouldDisplayMessage":false,"hasContent":false},{"name":"E  acesse a pagina de cadastro","time":{"start":1683231117090,"stop":1683231122200,"duration":5110},"status":"broken","statusMessage":"no such element: Unable to locate element: {\"method\":\"css selector\",\"selector\":\"[class='account_form']\"}\n  (Session info: headless chrome=112.0.5615.165)\nFor documentation on this error, please visit: https://selenium.dev/exceptions/#no_such_element\nBuild info: version: '4.3.0', revision: 'a4995e2c09*'\nSystem info: host: 'fv-az401-303', ip: '10.1.0.99', os.name: 'Linux', os.arch: 'amd64', os.version: '5.15.0-1036-azure', java.version: '11.0.19'\nDriver info: org.openqa.selenium.chrome.ChromeDriver\nCommand: [4c40e06151fa40f0aa3577b10f9c87be, findElement {using=css selector, value=[class='account_form']}]\nCapabilities {acceptInsecureCerts: false, browserName: chrome, browserVersion: 112.0.5615.165, chrome: {chromedriverVersion: 112.0.5615.49 (bd2a7bcb881c..., userDataDir: /tmp/.com.google.Chrome.QtVYAk}, goog:chromeOptions: {debuggerAddress: localhost:45369}, networkConnectionEnabled: false, pageLoadStrategy: normal, platformName: LINUX, proxy: Proxy(), se:cdp: ws://localhost:45369/devtoo..., se:cdpVersion: 112.0.5615.165, setWindowRect: true, strictFileInteractability: false, timeouts: {implicit: 0, pageLoad: 300000, script: 30000}, unhandledPromptBehavior: dismiss and notify, webauthn:extension:credBlob: true, webauthn:extension:largeBlob: true, webauthn:extension:minPinLength: true, webauthn:extension:prf: true, webauthn:virtualAuthenticators: true}\nSession ID: 4c40e06151fa40f0aa3577b10f9c87be","statusTrace":"org.openqa.selenium.NoSuchElementException: no such element: Unable to locate element: {\"method\":\"css selector\",\"selector\":\"[class='account_form']\"}\n  (Session info: headless chrome=112.0.5615.165)\nFor documentation on this error, please visit: https://selenium.dev/exceptions/#no_such_element\nBuild info: version: '4.3.0', revision: 'a4995e2c09*'\nSystem info: host: 'fv-az401-303', ip: '10.1.0.99', os.name: 'Linux', os.arch: 'amd64', os.version: '5.15.0-1036-azure', java.version: '11.0.19'\nDriver info: org.openqa.selenium.chrome.ChromeDriver\nCommand: [4c40e06151fa40f0aa3577b10f9c87be, findElement {using=css selector, value=[class='account_form']}]\nCapabilities {acceptInsecureCerts: false, browserName: chrome, browserVersion: 112.0.5615.165, chrome: {chromedriverVersion: 112.0.5615.49 (bd2a7bcb881c..., userDataDir: /tmp/.com.google.Chrome.QtVYAk}, goog:chromeOptions: {debuggerAddress: localhost:45369}, networkConnectionEnabled: false, pageLoadStrategy: normal, platformName: LINUX, proxy: Proxy(), se:cdp: ws://localhost:45369/devtoo..., se:cdpVersion: 112.0.5615.165, setWindowRect: true, strictFileInteractability: false, timeouts: {implicit: 0, pageLoad: 300000, script: 30000}, unhandledPromptBehavior: dismiss and notify, webauthn:extension:credBlob: true, webauthn:extension:largeBlob: true, webauthn:extension:minPinLength: true, webauthn:extension:prf: true, webauthn:virtualAuthenticators: true}\nSession ID: 4c40e06151fa40f0aa3577b10f9c87be\n\tat java.base/jdk.internal.reflect.NativeConstructorAccessorImpl.newInstance0(Native Method)\n\tat java.base/jdk.internal.reflect.NativeConstructorAccessorImpl.newInstance(NativeConstructorAccessorImpl.java:62)\n\tat java.base/jdk.internal.reflect.DelegatingConstructorAccessorImpl.newInstance(DelegatingConstructorAccessorImpl.java:45)\n\tat java.base/java.lang.reflect.Constructor.newInstance(Constructor.java:490)\n\tat org.openqa.selenium.remote.codec.w3c.W3CHttpResponseCodec.createException(W3CHttpResponseCodec.java:200)\n\tat org.openqa.selenium.remote.codec.w3c.W3CHttpResponseCodec.decode(W3CHttpResponseCodec.java:133)\n\tat org.openqa.selenium.remote.codec.w3c.W3CHttpResponseCodec.decode(W3CHttpResponseCodec.java:53)\n\tat org.openqa.selenium.remote.HttpCommandExecutor.execute(HttpCommandExecutor.java:184)\n\tat org.openqa.selenium.remote.service.DriverCommandExecutor.invokeExecute(DriverCommandExecutor.java:167)\n\tat org.openqa.selenium.remote.service.DriverCommandExecutor.execute(DriverCommandExecutor.java:142)\n\tat org.openqa.selenium.remote.RemoteWebDriver.execute(RemoteWebDriver.java:569)\n\tat org.openqa.selenium.remote.ElementLocation$ElementFinder$2.findElement(ElementLocation.java:162)\n\tat org.openqa.selenium.remote.ElementLocation.findElement(ElementLocation.java:60)\n\tat org.openqa.selenium.remote.RemoteWebDriver.findElement(RemoteWebDriver.java:387)\n\tat org.openqa.selenium.remote.RemoteWebDriver.findElement(RemoteWebDriver.java:379)\n\tat org.openqa.selenium.support.pagefactory.DefaultElementLocator.findElement(DefaultElementLocator.java:70)\n\tat org.openqa.selenium.support.pagefactory.internal.LocatingElementHandler.invoke(LocatingElementHandler.java:39)\n\tat com.sun.proxy.$Proxy24.isEnabled(Unknown Source)\n\tat utils.Asserts.contains(Asserts.java:33)\n\tat actions.accessibilities.RegistrationActions.accessRegistrationPage(RegistrationActions.java:22)\n\tat steps.accessibilities.RegistrationSteps.acesse_a_pagina_de_cadastro(RegistrationSteps.java:15)\n\tat ✽.acesse a pagina de cadastro(file:///home/runner/work/Selenium-Cucumber-Java/Selenium-Cucumber-Java/src/test/resources/features/accessibilities/Registration.feature:9)\n","steps":[],"attachments":[],"parameters":[],"stepsCount":0,"attachmentsCount":0,"shouldDisplayMessage":true,"hasContent":true},{"name":"Quando  ele submeter o formulario com:","time":{"start":1683231122350,"stop":1683231122352,"duration":2},"status":"skipped","steps":[],"attachments":[{"uid":"ae7797cab8a1615f","name":"Data table","source":"ae7797cab8a1615f.csv","type":"text/tab-separated-values","size":45}],"parameters":[],"stepsCount":0,"attachmentsCount":1,"shouldDisplayMessage":false,"hasContent":true},{"name":"Então  ele vê a mensagem: \"O campo nome deve ser prenchido\"","time":{"start":1683231122352,"stop":1683231122353,"duration":1},"status":"skipped","steps":[],"attachments":[],"parameters":[],"stepsCount":0,"attachmentsCount":0,"shouldDisplayMessage":false,"hasContent":false}],"attachments":[],"parameters":[],"stepsCount":4,"attachmentsCount":1,"shouldDisplayMessage":false,"hasContent":true},"afterStages":[{"name":"steps.Hooks.addReport(io.cucumber.java.Scenario)","time":{"start":1683231115825,"stop":1683231117087,"duration":1262},"status":"passed","steps":[],"attachments":[{"uid":"ee314b7692837dd7","name":"Screenshot","source":"ee314b7692837dd7.png","type":"image/png","size":325342}],"parameters":[],"stepsCount":0,"attachmentsCount":1,"shouldDisplayMessage":false,"hasContent":true},{"name":"steps.Hooks.addReport(io.cucumber.java.Scenario)","time":{"start":1683231122201,"stop":1683231122349,"duration":148},"status":"passed","steps":[],"attachments":[{"uid":"c40f439007a9b8bd","name":"Screenshot","source":"c40f439007a9b8bd.png","type":"image/png","size":22075}],"parameters":[],"stepsCount":0,"attachmentsCount":1,"shouldDisplayMessage":false,"hasContent":true},{"name":"steps.Hooks.addReport(io.cucumber.java.Scenario)","time":{"start":1683231122352,"stop":1683231122352,"duration":0},"status":"skipped","statusMessage":"AFTER_STEP is failed.","steps":[],"attachments":[],"parameters":[],"stepsCount":0,"attachmentsCount":0,"shouldDisplayMessage":true,"hasContent":true},{"name":"steps.Hooks.addReport(io.cucumber.java.Scenario)","time":{"start":1683231122353,"stop":1683231122353,"duration":0},"status":"skipped","statusMessage":"AFTER_STEP is failed.","steps":[],"attachments":[],"parameters":[],"stepsCount":0,"attachmentsCount":0,"shouldDisplayMessage":true,"hasContent":true},{"name":"steps.Hooks.goBack()","time":{"start":1683231122353,"stop":1683231122464,"duration":111},"status":"passed","steps":[],"attachments":[],"parameters":[],"stepsCount":0,"attachmentsCount":0,"shouldDisplayMessage":false,"hasContent":false}],"labels":[{"name":"tag","value":"regression"},{"name":"tag","value":"registration_all"},{"name":"host","value":"fv-az401-303"},{"name":"thread","value":"2466@fv-az401-303.main(1)"},{"name":"feature","value":"Cadastro de usuario"},{"name":"story","value":"Envio de formulario com email invalido"},{"name":"suite","value":"Cadastro de usuario"},{"name":"testClass","value":"Envio de formulario com email invalido"},{"name":"framework","value":"cucumber4jvm"},{"name":"language","value":"java"},{"name":"gherkin_uri","value":"file:///home/runner/work/Selenium-Cucumber-Java/Selenium-Cucumber-Java/src/test/resources/features/accessibilities/Registration.feature"},{"name":"package","value":"src.test.resources.features.accessibilities.Registration_feature.Cadastro de usuario"},{"name":"resultFormat","value":"allure2"}],"parameters":[{"name":"email","value":"joao123@erro"},{"name":"mensagem","value":"O campo nome deve ser prenchido"},{"name":"name","value":"\n"},{"name":"password","value":"Mudar@123"}],"links":[],"hidden":false,"retry":false,"extra":{"severity":"normal","retries":[],"categories":[{"name":"Test defects","matchedStatuses":[],"flaky":false}],"history":{"statistic":{"failed":0,"broken":1,"skipped":0,"passed":137,"unknown":0,"total":138},"items":[{"uid":"29e44c855108f089","reportUrl":"https://juliosantosjob.github.io/Selenium-Cucumber-Java/228//#testresult/29e44c855108f089","status":"passed","time":{"start":1683202798363,"stop":1683202805574,"duration":7211}},{"uid":"b2b5117d31ce4bb1","reportUrl":"https://juliosantosjob.github.io/Selenium-Cucumber-Java/227//#testresult/b2b5117d31ce4bb1","status":"passed","time":{"start":1683144728392,"stop":1683144736215,"duration":7823}},{"uid":"c9f3fa59d5a906d4","reportUrl":"https://juliosantosjob.github.io/Selenium-Cucumber-Java/226//#testresult/c9f3fa59d5a906d4","status":"passed","time":{"start":1683116492246,"stop":1683116500182,"duration":7936}},{"uid":"6faaff12943dabbd","reportUrl":"https://juliosantosjob.github.io/Selenium-Cucumber-Java/225//#testresult/6faaff12943dabbd","status":"passed","time":{"start":1683058338397,"stop":1683058349955,"duration":11558}},{"uid":"188eb54cf5dec5e4","reportUrl":"https://juliosantosjob.github.io/Selenium-Cucumber-Java/224//#testresult/188eb54cf5dec5e4","status":"passed","time":{"start":1683030118918,"stop":1683030132659,"duration":13741}},{"uid":"fe902c7d095b0d1b","reportUrl":"https://juliosantosjob.github.io/Selenium-Cucumber-Java/223//#testresult/fe902c7d095b0d1b","status":"passed","time":{"start":1682971939120,"stop":1682971950736,"duration":11616}},{"uid":"5e8698b3e18c6b9b","reportUrl":"https://juliosantosjob.github.io/Selenium-Cucumber-Java/222//#testresult/5e8698b3e18c6b9b","status":"passed","time":{"start":1682943644576,"stop":1682943656367,"duration":11791}},{"uid":"2c35e2abc76141f8","reportUrl":"https://juliosantosjob.github.io/Selenium-Cucumber-Java/221//#testresult/2c35e2abc76141f8","status":"passed","time":{"start":1682712696642,"stop":1682712703803,"duration":7161}},{"uid":"6803c352b12dc54","reportUrl":"https://juliosantosjob.github.io/Selenium-Cucumber-Java/220//#testresult/6803c352b12dc54","status":"passed","time":{"start":1682684409657,"stop":1682684420612,"duration":10955}},{"uid":"bff90a34e76e02c","reportUrl":"https://juliosantosjob.github.io/Selenium-Cucumber-Java/219//#testresult/bff90a34e76e02c","status":"passed","time":{"start":1682626356421,"stop":1682626367592,"duration":11171}},{"uid":"ad6643f206153521","reportUrl":"https://juliosantosjob.github.io/Selenium-Cucumber-Java/218//#testresult/ad6643f206153521","status":"passed","time":{"start":1682597997214,"stop":1682598009789,"duration":12575}},{"uid":"7c4f4cccd2134cba","reportUrl":"https://juliosantosjob.github.io/Selenium-Cucumber-Java/217//#testresult/7c4f4cccd2134cba","status":"passed","time":{"start":1682539838220,"stop":1682539849617,"duration":11397}},{"uid":"3e9d330de9ca8e11","reportUrl":"https://juliosantosjob.github.io/Selenium-Cucumber-Java/216//#testresult/3e9d330de9ca8e11","status":"passed","time":{"start":1682511636599,"stop":1682511644308,"duration":7709}},{"uid":"1e1f4eaead896fcc","reportUrl":"https://juliosantosjob.github.io/Selenium-Cucumber-Java/215//#testresult/1e1f4eaead896fcc","status":"passed","time":{"start":1682453517818,"stop":1682453530671,"duration":12853}},{"uid":"13bae5c554178eb4","reportUrl":"https://juliosantosjob.github.io/Selenium-Cucumber-Java/214//#testresult/13bae5c554178eb4","status":"passed","time":{"start":1682425300061,"stop":1682425312133,"duration":12072}},{"uid":"8b568b37dc2d63f3","reportUrl":"https://juliosantosjob.github.io/Selenium-Cucumber-Java/213//#testresult/8b568b37dc2d63f3","status":"passed","time":{"start":1682367106779,"stop":1682367114658,"duration":7879}},{"uid":"b4d220283c09144e","reportUrl":"https://juliosantosjob.github.io/Selenium-Cucumber-Java/212//#testresult/b4d220283c09144e","status":"passed","time":{"start":1682338883204,"stop":1682338894994,"duration":11790}},{"uid":"d48da725ecabd95a","reportUrl":"https://juliosantosjob.github.io/Selenium-Cucumber-Java/211//#testresult/d48da725ecabd95a","status":"passed","time":{"start":1682107918481,"stop":1682107926828,"duration":8347}},{"uid":"d8c84b1bb5a80d","reportUrl":"https://juliosantosjob.github.io/Selenium-Cucumber-Java/210//#testresult/d8c84b1bb5a80d","status":"passed","time":{"start":1682079659008,"stop":1682079670719,"duration":11711}},{"uid":"a9357a5135e0ed9d","reportUrl":"https://juliosantosjob.github.io/Selenium-Cucumber-Java/209//#testresult/a9357a5135e0ed9d","status":"passed","time":{"start":1682021559453,"stop":1682021570730,"duration":11277}}]},"tags":["registration_all","regression"]},"source":"8b16eec06271e916.json","parameterValues":["joao123@erro","O campo nome deve ser prenchido","\n","Mudar@123"]}