{"uid":"35403c6b606f6a4","name":"Envio de formulario com email invalido","fullName":"Cadastro de usuario: Envio de formulario com email invalido","historyId":"aac3f3416fcebd7f59eb3ed2264723b9","time":{"start":1683144707726,"stop":1683144715899,"duration":8173},"description":"  - Eu como usuario devo poder me cadastrar na plataforma.","descriptionHtml":"<ul>\n<li>Eu como usuario devo poder me cadastrar na plataforma.</li>\n</ul>\n","status":"broken","statusMessage":"no such element: Unable to locate element: {\"method\":\"css selector\",\"selector\":\"[class='account_form']\"}\n  (Session info: headless chrome=112.0.5615.165)\nFor documentation on this error, please visit: https://selenium.dev/exceptions/#no_such_element\nBuild info: version: '4.3.0', revision: 'a4995e2c09*'\nSystem info: host: 'fv-az589-708', ip: '10.1.0.218', os.name: 'Linux', os.arch: 'amd64', os.version: '5.15.0-1036-azure', java.version: '11.0.19'\nDriver info: org.openqa.selenium.chrome.ChromeDriver\nCommand: [06896dd1f5d647421a3c1b198893cb57, findElement {using=css selector, value=[class='account_form']}]\nCapabilities {acceptInsecureCerts: false, browserName: chrome, browserVersion: 112.0.5615.165, chrome: {chromedriverVersion: 112.0.5615.49 (bd2a7bcb881c..., userDataDir: /tmp/.com.google.Chrome.Gub4dp}, goog:chromeOptions: {debuggerAddress: localhost:42555}, networkConnectionEnabled: false, pageLoadStrategy: normal, platformName: LINUX, proxy: Proxy(), se:cdp: ws://localhost:42555/devtoo..., se:cdpVersion: 112.0.5615.165, setWindowRect: true, strictFileInteractability: false, timeouts: {implicit: 0, pageLoad: 300000, script: 30000}, unhandledPromptBehavior: dismiss and notify, webauthn:extension:credBlob: true, webauthn:extension:largeBlob: true, webauthn:extension:minPinLength: true, webauthn:extension:prf: true, webauthn:virtualAuthenticators: true}\nSession ID: 06896dd1f5d647421a3c1b198893cb57","statusTrace":"org.openqa.selenium.NoSuchElementException: no such element: Unable to locate element: {\"method\":\"css selector\",\"selector\":\"[class='account_form']\"}\n  (Session info: headless chrome=112.0.5615.165)\nFor documentation on this error, please visit: https://selenium.dev/exceptions/#no_such_element\nBuild info: version: '4.3.0', revision: 'a4995e2c09*'\nSystem info: host: 'fv-az589-708', ip: '10.1.0.218', os.name: 'Linux', os.arch: 'amd64', os.version: '5.15.0-1036-azure', java.version: '11.0.19'\nDriver info: org.openqa.selenium.chrome.ChromeDriver\nCommand: [06896dd1f5d647421a3c1b198893cb57, findElement {using=css selector, value=[class='account_form']}]\nCapabilities {acceptInsecureCerts: false, browserName: chrome, browserVersion: 112.0.5615.165, chrome: {chromedriverVersion: 112.0.5615.49 (bd2a7bcb881c..., userDataDir: /tmp/.com.google.Chrome.Gub4dp}, goog:chromeOptions: {debuggerAddress: localhost:42555}, networkConnectionEnabled: false, pageLoadStrategy: normal, platformName: LINUX, proxy: Proxy(), se:cdp: ws://localhost:42555/devtoo..., se:cdpVersion: 112.0.5615.165, setWindowRect: true, strictFileInteractability: false, timeouts: {implicit: 0, pageLoad: 300000, script: 30000}, unhandledPromptBehavior: dismiss and notify, webauthn:extension:credBlob: true, webauthn:extension:largeBlob: true, webauthn:extension:minPinLength: true, webauthn:extension:prf: true, webauthn:virtualAuthenticators: true}\nSession ID: 06896dd1f5d647421a3c1b198893cb57\n\tat java.base/jdk.internal.reflect.NativeConstructorAccessorImpl.newInstance0(Native Method)\n\tat java.base/jdk.internal.reflect.NativeConstructorAccessorImpl.newInstance(NativeConstructorAccessorImpl.java:62)\n\tat java.base/jdk.internal.reflect.DelegatingConstructorAccessorImpl.newInstance(DelegatingConstructorAccessorImpl.java:45)\n\tat java.base/java.lang.reflect.Constructor.newInstance(Constructor.java:490)\n\tat org.openqa.selenium.remote.codec.w3c.W3CHttpResponseCodec.createException(W3CHttpResponseCodec.java:200)\n\tat org.openqa.selenium.remote.codec.w3c.W3CHttpResponseCodec.decode(W3CHttpResponseCodec.java:133)\n\tat org.openqa.selenium.remote.codec.w3c.W3CHttpResponseCodec.decode(W3CHttpResponseCodec.java:53)\n\tat org.openqa.selenium.remote.HttpCommandExecutor.execute(HttpCommandExecutor.java:184)\n\tat org.openqa.selenium.remote.service.DriverCommandExecutor.invokeExecute(DriverCommandExecutor.java:167)\n\tat org.openqa.selenium.remote.service.DriverCommandExecutor.execute(DriverCommandExecutor.java:142)\n\tat org.openqa.selenium.remote.RemoteWebDriver.execute(RemoteWebDriver.java:569)\n\tat org.openqa.selenium.remote.ElementLocation$ElementFinder$2.findElement(ElementLocation.java:162)\n\tat org.openqa.selenium.remote.ElementLocation.findElement(ElementLocation.java:60)\n\tat org.openqa.selenium.remote.RemoteWebDriver.findElement(RemoteWebDriver.java:387)\n\tat org.openqa.selenium.remote.RemoteWebDriver.findElement(RemoteWebDriver.java:379)\n\tat org.openqa.selenium.support.pagefactory.DefaultElementLocator.findElement(DefaultElementLocator.java:70)\n\tat org.openqa.selenium.support.pagefactory.internal.LocatingElementHandler.invoke(LocatingElementHandler.java:39)\n\tat com.sun.proxy.$Proxy24.isEnabled(Unknown Source)\n\tat utils.Asserts.contains(Asserts.java:33)\n\tat actions.accessibilities.RegistrationActions.accessRegistrationPage(RegistrationActions.java:22)\n\tat steps.accessibilities.RegistrationSteps.acesse_a_pagina_de_cadastro(RegistrationSteps.java:15)\n\tat ✽.acesse a pagina de cadastro(file:///home/runner/work/Selenium-Cucumber-Java/Selenium-Cucumber-Java/src/test/resources/features/accessibilities/Registration.feature:9)\n","flaky":false,"newFailed":false,"newBroken":true,"newPassed":false,"retriesCount":0,"retriesStatusChange":false,"beforeStages":[{"name":"steps.Hooks.go(io.cucumber.java.Scenario)","time":{"start":1683144707726,"stop":1683144709167,"duration":1441},"status":"passed","steps":[],"attachments":[],"parameters":[],"stepsCount":0,"attachmentsCount":0,"shouldDisplayMessage":false,"hasContent":false}],"testStage":{"description":"  - Eu como usuario devo poder me cadastrar na plataforma.","status":"broken","statusMessage":"no such element: Unable to locate element: {\"method\":\"css selector\",\"selector\":\"[class='account_form']\"}\n  (Session info: headless chrome=112.0.5615.165)\nFor documentation on this error, please visit: https://selenium.dev/exceptions/#no_such_element\nBuild info: version: '4.3.0', revision: 'a4995e2c09*'\nSystem info: host: 'fv-az589-708', ip: '10.1.0.218', os.name: 'Linux', os.arch: 'amd64', os.version: '5.15.0-1036-azure', java.version: '11.0.19'\nDriver info: org.openqa.selenium.chrome.ChromeDriver\nCommand: [06896dd1f5d647421a3c1b198893cb57, findElement {using=css selector, value=[class='account_form']}]\nCapabilities {acceptInsecureCerts: false, browserName: chrome, browserVersion: 112.0.5615.165, chrome: {chromedriverVersion: 112.0.5615.49 (bd2a7bcb881c..., userDataDir: /tmp/.com.google.Chrome.Gub4dp}, goog:chromeOptions: {debuggerAddress: localhost:42555}, networkConnectionEnabled: false, pageLoadStrategy: normal, platformName: LINUX, proxy: Proxy(), se:cdp: ws://localhost:42555/devtoo..., se:cdpVersion: 112.0.5615.165, setWindowRect: true, strictFileInteractability: false, timeouts: {implicit: 0, pageLoad: 300000, script: 30000}, unhandledPromptBehavior: dismiss and notify, webauthn:extension:credBlob: true, webauthn:extension:largeBlob: true, webauthn:extension:minPinLength: true, webauthn:extension:prf: true, webauthn:virtualAuthenticators: true}\nSession ID: 06896dd1f5d647421a3c1b198893cb57","statusTrace":"org.openqa.selenium.NoSuchElementException: no such element: Unable to locate element: {\"method\":\"css selector\",\"selector\":\"[class='account_form']\"}\n  (Session info: headless chrome=112.0.5615.165)\nFor documentation on this error, please visit: https://selenium.dev/exceptions/#no_such_element\nBuild info: version: '4.3.0', revision: 'a4995e2c09*'\nSystem info: host: 'fv-az589-708', ip: '10.1.0.218', os.name: 'Linux', os.arch: 'amd64', os.version: '5.15.0-1036-azure', java.version: '11.0.19'\nDriver info: org.openqa.selenium.chrome.ChromeDriver\nCommand: [06896dd1f5d647421a3c1b198893cb57, findElement {using=css selector, value=[class='account_form']}]\nCapabilities {acceptInsecureCerts: false, browserName: chrome, browserVersion: 112.0.5615.165, chrome: {chromedriverVersion: 112.0.5615.49 (bd2a7bcb881c..., userDataDir: /tmp/.com.google.Chrome.Gub4dp}, goog:chromeOptions: {debuggerAddress: localhost:42555}, networkConnectionEnabled: false, pageLoadStrategy: normal, platformName: LINUX, proxy: Proxy(), se:cdp: ws://localhost:42555/devtoo..., se:cdpVersion: 112.0.5615.165, setWindowRect: true, strictFileInteractability: false, timeouts: {implicit: 0, pageLoad: 300000, script: 30000}, unhandledPromptBehavior: dismiss and notify, webauthn:extension:credBlob: true, webauthn:extension:largeBlob: true, webauthn:extension:minPinLength: true, webauthn:extension:prf: true, webauthn:virtualAuthenticators: true}\nSession ID: 06896dd1f5d647421a3c1b198893cb57\n\tat java.base/jdk.internal.reflect.NativeConstructorAccessorImpl.newInstance0(Native Method)\n\tat java.base/jdk.internal.reflect.NativeConstructorAccessorImpl.newInstance(NativeConstructorAccessorImpl.java:62)\n\tat java.base/jdk.internal.reflect.DelegatingConstructorAccessorImpl.newInstance(DelegatingConstructorAccessorImpl.java:45)\n\tat java.base/java.lang.reflect.Constructor.newInstance(Constructor.java:490)\n\tat org.openqa.selenium.remote.codec.w3c.W3CHttpResponseCodec.createException(W3CHttpResponseCodec.java:200)\n\tat org.openqa.selenium.remote.codec.w3c.W3CHttpResponseCodec.decode(W3CHttpResponseCodec.java:133)\n\tat org.openqa.selenium.remote.codec.w3c.W3CHttpResponseCodec.decode(W3CHttpResponseCodec.java:53)\n\tat org.openqa.selenium.remote.HttpCommandExecutor.execute(HttpCommandExecutor.java:184)\n\tat org.openqa.selenium.remote.service.DriverCommandExecutor.invokeExecute(DriverCommandExecutor.java:167)\n\tat org.openqa.selenium.remote.service.DriverCommandExecutor.execute(DriverCommandExecutor.java:142)\n\tat org.openqa.selenium.remote.RemoteWebDriver.execute(RemoteWebDriver.java:569)\n\tat org.openqa.selenium.remote.ElementLocation$ElementFinder$2.findElement(ElementLocation.java:162)\n\tat org.openqa.selenium.remote.ElementLocation.findElement(ElementLocation.java:60)\n\tat org.openqa.selenium.remote.RemoteWebDriver.findElement(RemoteWebDriver.java:387)\n\tat org.openqa.selenium.remote.RemoteWebDriver.findElement(RemoteWebDriver.java:379)\n\tat org.openqa.selenium.support.pagefactory.DefaultElementLocator.findElement(DefaultElementLocator.java:70)\n\tat org.openqa.selenium.support.pagefactory.internal.LocatingElementHandler.invoke(LocatingElementHandler.java:39)\n\tat com.sun.proxy.$Proxy24.isEnabled(Unknown Source)\n\tat utils.Asserts.contains(Asserts.java:33)\n\tat actions.accessibilities.RegistrationActions.accessRegistrationPage(RegistrationActions.java:22)\n\tat steps.accessibilities.RegistrationSteps.acesse_a_pagina_de_cadastro(RegistrationSteps.java:15)\n\tat ✽.acesse a pagina de cadastro(file:///home/runner/work/Selenium-Cucumber-Java/Selenium-Cucumber-Java/src/test/resources/features/accessibilities/Registration.feature:9)\n","steps":[{"name":"Dado  que o usuario acesse o site","time":{"start":1683144709167,"stop":1683144709355,"duration":188},"status":"passed","steps":[],"attachments":[],"parameters":[],"stepsCount":0,"attachmentsCount":0,"shouldDisplayMessage":false,"hasContent":false},{"name":"E  acesse a pagina de cadastro","time":{"start":1683144710522,"stop":1683144715655,"duration":5133},"status":"broken","statusMessage":"no such element: Unable to locate element: {\"method\":\"css selector\",\"selector\":\"[class='account_form']\"}\n  (Session info: headless chrome=112.0.5615.165)\nFor documentation on this error, please visit: https://selenium.dev/exceptions/#no_such_element\nBuild info: version: '4.3.0', revision: 'a4995e2c09*'\nSystem info: host: 'fv-az589-708', ip: '10.1.0.218', os.name: 'Linux', os.arch: 'amd64', os.version: '5.15.0-1036-azure', java.version: '11.0.19'\nDriver info: org.openqa.selenium.chrome.ChromeDriver\nCommand: [06896dd1f5d647421a3c1b198893cb57, findElement {using=css selector, value=[class='account_form']}]\nCapabilities {acceptInsecureCerts: false, browserName: chrome, browserVersion: 112.0.5615.165, chrome: {chromedriverVersion: 112.0.5615.49 (bd2a7bcb881c..., userDataDir: /tmp/.com.google.Chrome.Gub4dp}, goog:chromeOptions: {debuggerAddress: localhost:42555}, networkConnectionEnabled: false, pageLoadStrategy: normal, platformName: LINUX, proxy: Proxy(), se:cdp: ws://localhost:42555/devtoo..., se:cdpVersion: 112.0.5615.165, setWindowRect: true, strictFileInteractability: false, timeouts: {implicit: 0, pageLoad: 300000, script: 30000}, unhandledPromptBehavior: dismiss and notify, webauthn:extension:credBlob: true, webauthn:extension:largeBlob: true, webauthn:extension:minPinLength: true, webauthn:extension:prf: true, webauthn:virtualAuthenticators: true}\nSession ID: 06896dd1f5d647421a3c1b198893cb57","statusTrace":"org.openqa.selenium.NoSuchElementException: no such element: Unable to locate element: {\"method\":\"css selector\",\"selector\":\"[class='account_form']\"}\n  (Session info: headless chrome=112.0.5615.165)\nFor documentation on this error, please visit: https://selenium.dev/exceptions/#no_such_element\nBuild info: version: '4.3.0', revision: 'a4995e2c09*'\nSystem info: host: 'fv-az589-708', ip: '10.1.0.218', os.name: 'Linux', os.arch: 'amd64', os.version: '5.15.0-1036-azure', java.version: '11.0.19'\nDriver info: org.openqa.selenium.chrome.ChromeDriver\nCommand: [06896dd1f5d647421a3c1b198893cb57, findElement {using=css selector, value=[class='account_form']}]\nCapabilities {acceptInsecureCerts: false, browserName: chrome, browserVersion: 112.0.5615.165, chrome: {chromedriverVersion: 112.0.5615.49 (bd2a7bcb881c..., userDataDir: /tmp/.com.google.Chrome.Gub4dp}, goog:chromeOptions: {debuggerAddress: localhost:42555}, networkConnectionEnabled: false, pageLoadStrategy: normal, platformName: LINUX, proxy: Proxy(), se:cdp: ws://localhost:42555/devtoo..., se:cdpVersion: 112.0.5615.165, setWindowRect: true, strictFileInteractability: false, timeouts: {implicit: 0, pageLoad: 300000, script: 30000}, unhandledPromptBehavior: dismiss and notify, webauthn:extension:credBlob: true, webauthn:extension:largeBlob: true, webauthn:extension:minPinLength: true, webauthn:extension:prf: true, webauthn:virtualAuthenticators: true}\nSession ID: 06896dd1f5d647421a3c1b198893cb57\n\tat java.base/jdk.internal.reflect.NativeConstructorAccessorImpl.newInstance0(Native Method)\n\tat java.base/jdk.internal.reflect.NativeConstructorAccessorImpl.newInstance(NativeConstructorAccessorImpl.java:62)\n\tat java.base/jdk.internal.reflect.DelegatingConstructorAccessorImpl.newInstance(DelegatingConstructorAccessorImpl.java:45)\n\tat java.base/java.lang.reflect.Constructor.newInstance(Constructor.java:490)\n\tat org.openqa.selenium.remote.codec.w3c.W3CHttpResponseCodec.createException(W3CHttpResponseCodec.java:200)\n\tat org.openqa.selenium.remote.codec.w3c.W3CHttpResponseCodec.decode(W3CHttpResponseCodec.java:133)\n\tat org.openqa.selenium.remote.codec.w3c.W3CHttpResponseCodec.decode(W3CHttpResponseCodec.java:53)\n\tat org.openqa.selenium.remote.HttpCommandExecutor.execute(HttpCommandExecutor.java:184)\n\tat org.openqa.selenium.remote.service.DriverCommandExecutor.invokeExecute(DriverCommandExecutor.java:167)\n\tat org.openqa.selenium.remote.service.DriverCommandExecutor.execute(DriverCommandExecutor.java:142)\n\tat org.openqa.selenium.remote.RemoteWebDriver.execute(RemoteWebDriver.java:569)\n\tat org.openqa.selenium.remote.ElementLocation$ElementFinder$2.findElement(ElementLocation.java:162)\n\tat org.openqa.selenium.remote.ElementLocation.findElement(ElementLocation.java:60)\n\tat org.openqa.selenium.remote.RemoteWebDriver.findElement(RemoteWebDriver.java:387)\n\tat org.openqa.selenium.remote.RemoteWebDriver.findElement(RemoteWebDriver.java:379)\n\tat org.openqa.selenium.support.pagefactory.DefaultElementLocator.findElement(DefaultElementLocator.java:70)\n\tat org.openqa.selenium.support.pagefactory.internal.LocatingElementHandler.invoke(LocatingElementHandler.java:39)\n\tat com.sun.proxy.$Proxy24.isEnabled(Unknown Source)\n\tat utils.Asserts.contains(Asserts.java:33)\n\tat actions.accessibilities.RegistrationActions.accessRegistrationPage(RegistrationActions.java:22)\n\tat steps.accessibilities.RegistrationSteps.acesse_a_pagina_de_cadastro(RegistrationSteps.java:15)\n\tat ✽.acesse a pagina de cadastro(file:///home/runner/work/Selenium-Cucumber-Java/Selenium-Cucumber-Java/src/test/resources/features/accessibilities/Registration.feature:9)\n","steps":[],"attachments":[],"parameters":[],"stepsCount":0,"attachmentsCount":0,"shouldDisplayMessage":true,"hasContent":true},{"name":"Quando  ele submeter o formulario com:","time":{"start":1683144715788,"stop":1683144715789,"duration":1},"status":"skipped","steps":[],"attachments":[{"uid":"6b0213e9ae16bef0","name":"Data table","source":"6b0213e9ae16bef0.csv","type":"text/tab-separated-values","size":49}],"parameters":[],"stepsCount":0,"attachmentsCount":1,"shouldDisplayMessage":false,"hasContent":true},{"name":"Então  ele vê a mensagem: \"O campo e-mail deve ser prenchido corretamente\"","time":{"start":1683144715790,"stop":1683144715790,"duration":0},"status":"skipped","steps":[],"attachments":[],"parameters":[],"stepsCount":0,"attachmentsCount":0,"shouldDisplayMessage":false,"hasContent":false}],"attachments":[],"parameters":[],"stepsCount":4,"attachmentsCount":1,"shouldDisplayMessage":false,"hasContent":true},"afterStages":[{"name":"steps.Hooks.addReport(io.cucumber.java.Scenario)","time":{"start":1683144709355,"stop":1683144710516,"duration":1161},"status":"passed","steps":[],"attachments":[{"uid":"e4d18b1ede53e82f","name":"Screenshot","source":"e4d18b1ede53e82f.png","type":"image/png","size":114551}],"parameters":[],"stepsCount":0,"attachmentsCount":1,"shouldDisplayMessage":false,"hasContent":true},{"name":"steps.Hooks.addReport(io.cucumber.java.Scenario)","time":{"start":1683144715656,"stop":1683144715788,"duration":132},"status":"passed","steps":[],"attachments":[{"uid":"3adb8b164d67b8b7","name":"Screenshot","source":"3adb8b164d67b8b7.png","type":"image/png","size":22075}],"parameters":[],"stepsCount":0,"attachmentsCount":1,"shouldDisplayMessage":false,"hasContent":true},{"name":"steps.Hooks.addReport(io.cucumber.java.Scenario)","time":{"start":1683144715789,"stop":1683144715790,"duration":1},"status":"skipped","statusMessage":"AFTER_STEP is failed.","steps":[],"attachments":[],"parameters":[],"stepsCount":0,"attachmentsCount":0,"shouldDisplayMessage":true,"hasContent":true},{"name":"steps.Hooks.addReport(io.cucumber.java.Scenario)","time":{"start":1683144715790,"stop":1683144715790,"duration":0},"status":"skipped","statusMessage":"AFTER_STEP is failed.","steps":[],"attachments":[],"parameters":[],"stepsCount":0,"attachmentsCount":0,"shouldDisplayMessage":true,"hasContent":true},{"name":"steps.Hooks.goBack()","time":{"start":1683144715790,"stop":1683144715893,"duration":103},"status":"passed","steps":[],"attachments":[],"parameters":[],"stepsCount":0,"attachmentsCount":0,"shouldDisplayMessage":false,"hasContent":false}],"labels":[{"name":"tag","value":"regression"},{"name":"tag","value":"registration_all"},{"name":"host","value":"fv-az589-708"},{"name":"thread","value":"2464@fv-az589-708.main(1)"},{"name":"feature","value":"Cadastro de usuario"},{"name":"story","value":"Envio de formulario com email invalido"},{"name":"suite","value":"Cadastro de usuario"},{"name":"testClass","value":"Envio de formulario com email invalido"},{"name":"framework","value":"cucumber4jvm"},{"name":"language","value":"java"},{"name":"gherkin_uri","value":"file:///home/runner/work/Selenium-Cucumber-Java/Selenium-Cucumber-Java/src/test/resources/features/accessibilities/Registration.feature"},{"name":"package","value":"src.test.resources.features.accessibilities.Registration_feature.Cadastro de usuario"},{"name":"resultFormat","value":"allure2"}],"parameters":[{"name":"email","value":"joao123@erro"},{"name":"mensagem","value":"O campo e-mail deve ser prenchido corretamente"},{"name":"name","value":"João"},{"name":"password","value":"Mudar@123"}],"links":[],"hidden":false,"retry":false,"extra":{"severity":"normal","retries":[],"categories":[{"name":"Test defects","matchedStatuses":[],"flaky":false}],"history":{"statistic":{"failed":0,"broken":1,"skipped":0,"passed":135,"unknown":0,"total":136},"items":[{"uid":"b2586e3898935fa5","reportUrl":"https://juliosantosjob.github.io/Selenium-Cucumber-Java/226//#testresult/b2586e3898935fa5","status":"passed","time":{"start":1683116474590,"stop":1683116482340,"duration":7750}},{"uid":"2f97251781686362","reportUrl":"https://juliosantosjob.github.io/Selenium-Cucumber-Java/225//#testresult/2f97251781686362","status":"passed","time":{"start":1683058314724,"stop":1683058326593,"duration":11869}},{"uid":"f75750bdea5fb357","reportUrl":"https://juliosantosjob.github.io/Selenium-Cucumber-Java/224//#testresult/f75750bdea5fb357","status":"passed","time":{"start":1683030087042,"stop":1683030103838,"duration":16796}},{"uid":"cf4417d6fedfa481","reportUrl":"https://juliosantosjob.github.io/Selenium-Cucumber-Java/223//#testresult/cf4417d6fedfa481","status":"passed","time":{"start":1682971914812,"stop":1682971926512,"duration":11700}},{"uid":"af64e64a99c6f519","reportUrl":"https://juliosantosjob.github.io/Selenium-Cucumber-Java/222//#testresult/af64e64a99c6f519","status":"passed","time":{"start":1682943620043,"stop":1682943632889,"duration":12846}},{"uid":"e6584faa1553f100","reportUrl":"https://juliosantosjob.github.io/Selenium-Cucumber-Java/221//#testresult/e6584faa1553f100","status":"passed","time":{"start":1682712680276,"stop":1682712689072,"duration":8796}},{"uid":"2fe929dcffac4e42","reportUrl":"https://juliosantosjob.github.io/Selenium-Cucumber-Java/220//#testresult/2fe929dcffac4e42","status":"passed","time":{"start":1682684386280,"stop":1682684398783,"duration":12503}},{"uid":"3bacdefc001def06","reportUrl":"https://juliosantosjob.github.io/Selenium-Cucumber-Java/219//#testresult/3bacdefc001def06","status":"passed","time":{"start":1682626331499,"stop":1682626344518,"duration":13019}},{"uid":"3938fadaf0c1f531","reportUrl":"https://juliosantosjob.github.io/Selenium-Cucumber-Java/218//#testresult/3938fadaf0c1f531","status":"passed","time":{"start":1682597981705,"stop":1682597989501,"duration":7796}},{"uid":"b32b8e44c146ac4a","reportUrl":"https://juliosantosjob.github.io/Selenium-Cucumber-Java/217//#testresult/b32b8e44c146ac4a","status":"passed","time":{"start":1682539823741,"stop":1682539830933,"duration":7192}},{"uid":"33d80a31de1b024a","reportUrl":"https://juliosantosjob.github.io/Selenium-Cucumber-Java/216//#testresult/33d80a31de1b024a","status":"passed","time":{"start":1682511621958,"stop":1682511629345,"duration":7387}},{"uid":"f8619e1e59774e38","reportUrl":"https://juliosantosjob.github.io/Selenium-Cucumber-Java/215//#testresult/f8619e1e59774e38","status":"passed","time":{"start":1682453502798,"stop":1682453510340,"duration":7542}},{"uid":"14bc7d982e74508e","reportUrl":"https://juliosantosjob.github.io/Selenium-Cucumber-Java/214//#testresult/14bc7d982e74508e","status":"passed","time":{"start":1682425270629,"stop":1682425287835,"duration":17206}},{"uid":"4e4a7d3d9b6f9b78","reportUrl":"https://juliosantosjob.github.io/Selenium-Cucumber-Java/213//#testresult/4e4a7d3d9b6f9b78","status":"passed","time":{"start":1682367091055,"stop":1682367098811,"duration":7756}},{"uid":"26088c6bbbdbf435","reportUrl":"https://juliosantosjob.github.io/Selenium-Cucumber-Java/212//#testresult/26088c6bbbdbf435","status":"passed","time":{"start":1682338857787,"stop":1682338870481,"duration":12694}},{"uid":"4327e567816e9d6b","reportUrl":"https://juliosantosjob.github.io/Selenium-Cucumber-Java/211//#testresult/4327e567816e9d6b","status":"passed","time":{"start":1682107903302,"stop":1682107910568,"duration":7266}},{"uid":"3190ae6d08bc8106","reportUrl":"https://juliosantosjob.github.io/Selenium-Cucumber-Java/210//#testresult/3190ae6d08bc8106","status":"passed","time":{"start":1682079634323,"stop":1682079646105,"duration":11782}},{"uid":"a0b87f1c338a4bb7","reportUrl":"https://juliosantosjob.github.io/Selenium-Cucumber-Java/209//#testresult/a0b87f1c338a4bb7","status":"passed","time":{"start":1682021530728,"stop":1682021542773,"duration":12045}},{"uid":"23e0a86f6759e5a0","reportUrl":"https://juliosantosjob.github.io/Selenium-Cucumber-Java/208//#testresult/23e0a86f6759e5a0","status":"passed","time":{"start":1681993240735,"stop":1681993253561,"duration":12826}},{"uid":"6bd4f18b0bca6bc4","reportUrl":"https://juliosantosjob.github.io/Selenium-Cucumber-Java/207//#testresult/6bd4f18b0bca6bc4","status":"passed","time":{"start":1681935116742,"stop":1681935124417,"duration":7675}}]},"tags":["registration_all","regression"]},"source":"35403c6b606f6a4.json","parameterValues":["joao123@erro","O campo e-mail deve ser prenchido corretamente","João","Mudar@123"]}